[20:10:41] han/S01001/do ▶ F1=0.33 ROC=0.79 PR=0.26 Brier=0.002 α*=0.35 events=5/1945
[20:10:41]   han/S01001/toc 고정기준 단일클래스 → 분위기준 thr=2.178
[20:10:42] han/S01001/toc ▶ F1=0.66 ROC=0.90 PR=0.69 Brier=0.050 α*=0.55 events=185/1870
[20:10:42]   han/S01001/tn 고정기준 단일클래스 → 분위기준 thr=2.186
[20:10:42] han/S01001/tn ▶ F1=0.68 ROC=0.91 PR=0.66 Brier=0.051 α*=0.40 events=190/1910
[20:10:42]   han/S01001/tp 고정기준 단일클래스 → 분위기준 thr=0.008889
[20:10:42] han/S01001/tp ▶ F1=0.54 ROC=0.86 PR=0.56 Brier=0.071 α*=0.50 events=180/1805
[20:10:42] han/S01001/chl-a ▶ F1=0.76 ROC=0.95 PR=0.81 Brier=0.054 α*=0.30 events=300/2000
[20:10:42] nak/S02020/do ▶ F1=0.56 ROC=0.93 PR=0.61 Brier=0.016 α*=0.60 events=45/1885
[20:10:42]   nak/S02020/toc 고정기준 단일클래스 → 분위기준 thr=3.483
[20:10:43] nak/S02020/toc ▶ F1=0.42 ROC=0.80 PR=0.39 Brier=0.080 α*=0.30 events=190/1925
[20:10:43] nak/S02020/tn ▶ F1=0.86 ROC=0.93 PR=0.92 Brier=0.094 α*=0.50 events=815/1865
[20:10:43] nak/S02020/tp ▶ F1=0.12 ROC=0.97 PR=0.06 Brier=0.004 α*=0.10 events=5/1855
[20:10:43] nak/S02020/chl-a ▶ F1=0.81 ROC=0.89 PR=0.89 Brier=0.130 α*=0.35 events=890/1890
[20:10:43] geum/S03009/do ▶ F1=0.95 ROC=0.99 PR=0.99 Brier=0.017 α*=0.40 events=495/2165
[20:10:43]   geum/S03009/toc 고정기준 단일클래스 → 분위기준 thr=2.683
[20:10:43] geum/S03009/toc ▶ F1=0.67 ROC=0.93 PR=0.76 Brier=0.045 α*=0.55 events=210/2100
[20:10:44]   geum/S03009/tn 고정기준 단일클래스 → 분위기준 thr=1.789
[20:10:44] geum/S03009/tn ▶ F1=0.67 ROC=0.96 PR=0.70 Brier=0.047 α*=0.40 events=210/2120
[20:10:44]   geum/S03009/tp 고정기준 단일클래스 → 분위기준 thr=0.03491
[20:10:44] geum/S03009/tp ▶ F1=0.80 ROC=0.97 PR=0.84 Brier=0.031 α*=0.25 events=210/2140
[20:10:44]   geum/S03009/chl-a 고정기준 단일클래스 → 분위기준 thr=6.545
[20:10:44] geum/S03009/chl-a ▶ F1=0.58 ROC=0.89 PR=0.59 Brier=0.061 α*=0.45 events=210/2135
[20:10:44]   yeong/S04008/do 고정기준 단일클래스 → 분위기준 thr=7.785
[20:10:44] yeong/S04008/do ▶ F1=0.85 ROC=0.98 PR=0.88 Brier=0.028 α*=0.45 events=215/2160
[20:10:44]   yeong/S04008/toc 고정기준 단일클래스 → 분위기준 thr=2.361
[20:10:45] yeong/S04008/toc ▶ F1=0.82 ROC=0.97 PR=0.88 Brier=0.029 α*=0.50 events=210/2110
[20:10:45]   yeong/S04008/tn 고정기준 단일클래스 → 분위기준 thr=1.586
[20:10:45] yeong/S04008/tn ▶ F1=0.84 ROC=0.97 PR=0.90 Brier=0.025 α*=0.70 events=205/2060
[20:10:45]   yeong/S04008/tp 고정기준 단일클래스 → 분위기준 thr=0.009913
[20:10:45] yeong/S04008/tp ▶ F1=0.55 ROC=0.91 PR=0.61 Brier=0.066 α*=0.50 events=204/2050
[20:10:45] yeong/S04008/chl-a ▶ F1=0.78 ROC=0.92 PR=0.81 Brier=0.109 α*=0.30 events=672/2110
[20:10:45] alert_skill_lora.csv 저장 (20행)
[20:10:45] phase5_alert_lora.md 저장
[20:10:45] 타임라인 저장 C:\Users\minsoo\Desktop\수질측정 및 오염원\deep_see\reports\figures\alert_timeline_lora_han_S01001_chl-a.png
[20:10:46] 타임라인 저장 C:\Users\minsoo\Desktop\수질측정 및 오염원\deep_see\reports\figures\alert_timeline_lora_han_S01001_do.png
[20:10:46] 타임라인 저장 C:\Users\minsoo\Desktop\수질측정 및 오염원\deep_see\reports\figures\alert_timeline_lora_han_S01001_toc.png
[20:10:46] 타임라인 저장 C:\Users\minsoo\Desktop\수질측정 및 오염원\deep_see\reports\figures\alert_timeline_lora_han_S01001_tn.png
[20:10:46] 타임라인 저장 C:\Users\minsoo\Desktop\수질측정 및 오염원\deep_see\reports\figures\alert_timeline_lora_han_S01001_tp.png
[20:10:46] 타임라인 저장 C:\Users\minsoo\Desktop\수질측정 및 오염원\deep_see\reports\figures\alert_timeline_lora_han_S01001_chl-a.png
