[16:24:50] ASOS 매핑: 67/67 지점 링크 완료
[16:24:50]   S01001 → ASOS 102(백령도) 38.1km
[16:24:50]   S01002 → ASOS 217(영천) 36.6km
[16:24:50]   S01003 → ASOS 115(울릉도) 18.1km
[16:24:50]   S01004 → ASOS 102(백령도) 13.0km
[16:24:50]   S01005 → ASOS 217(영천) 25.9km
[16:24:50] 필요 ASOS 지점: 23개
[16:24:50] ASOS 로드:   4% (8/200) elapsed=   0.1s eta=   2.2s
[16:24:50] ASOS 로드:   9% (18/200) elapsed=   0.3s eta=   2.7s
[16:24:50] ASOS 로드:  14% (28/200) elapsed=   0.3s eta=   1.9s
[16:24:50] ASOS 로드:  19% (38/200) elapsed=   0.8s eta=   3.3s
[16:24:51] ASOS 로드:  24% (48/200) elapsed=   1.0s eta=   3.0s
[16:24:51] ASOS 로드:  29% (58/200) elapsed=   1.1s eta=   2.8s
[16:24:51] ASOS 로드:  34% (68/200) elapsed=   1.4s eta=   2.8s
[16:24:52] ASOS 로드:  39% (78/200) elapsed=   1.9s eta=   2.9s
[16:24:52] ASOS 로드:  44% (88/200) elapsed=   2.1s eta=   2.7s
[16:24:52] ASOS 로드:  49% (98/200) elapsed=   2.1s eta=   2.2s
[16:24:52] ASOS 로드:  54% (108/200) elapsed=   2.1s eta=   1.8s
[16:24:52] ASOS 로드:  59% (118/200) elapsed=   2.1s eta=   1.5s
[16:24:52] ASOS 로드:  64% (128/200) elapsed=   2.1s eta=   1.2s
[16:24:52] ASOS 로드:  69% (138/200) elapsed=   2.2s eta=   1.0s
[16:24:52] ASOS 로드:  74% (148/200) elapsed=   2.4s eta=   0.8s
[16:24:52] ASOS 로드:  79% (158/200) elapsed=   2.5s eta=   0.7s
[16:24:52] ASOS 로드:  84% (168/200) elapsed=   2.5s eta=   0.5s
[16:24:52] ASOS 로드:  89% (178/200) elapsed=   2.7s eta=   0.3s
[16:24:52] ASOS 로드:  94% (188/200) elapsed=   2.7s eta=   0.2s
[16:24:53] ASOS 로드:  99% (198/200) elapsed=   2.9s eta=   0.0s
[16:24:53] ASOS 로드: 100% (200/200) elapsed=   2.9s eta=   0.0s
[16:24:53] ASOS 로드:   6% (2/29) elapsed=   0.1s eta=   1.2s
[16:24:53] ASOS 로드:  13% (4/29) elapsed=   0.1s eta=   0.6s
[16:24:53] ASOS 로드:  20% (6/29) elapsed=   0.1s eta=   0.4s
[16:24:53] ASOS 로드:  27% (8/29) elapsed=   0.1s eta=   0.2s
[16:24:53] ASOS 로드:  34% (10/29) elapsed=   0.1s eta=   0.2s
[16:24:53] ASOS 로드:  41% (12/29) elapsed=   0.1s eta=   0.1s
[16:24:53] ASOS 로드:  48% (14/29) elapsed=   0.1s eta=   0.1s
[16:24:53] ASOS 로드:  55% (16/29) elapsed=   0.1s eta=   0.1s
[16:24:53] ASOS 로드:  62% (18/29) elapsed=   0.1s eta=   0.1s
[16:24:53] ASOS 로드:  68% (20/29) elapsed=   0.1s eta=   0.0s
[16:24:53] ASOS 로드:  75% (22/29) elapsed=   0.1s eta=   0.0s
[16:24:53] ASOS 로드:  82% (24/29) elapsed=   0.1s eta=   0.0s
[16:24:53] ASOS 로드:  89% (26/29) elapsed=   0.1s eta=   0.0s
[16:24:53] ASOS 로드:  96% (28/29) elapsed=   0.1s eta=   0.0s
[16:24:53] ASOS 로드: 100% (29/29) elapsed=   0.1s eta=   0.0s
[16:24:53] 로드 완료: 22개 ASOS 지점
[16:24:53] han 기상결합:   4% (1/22) elapsed=   0.0s eta=   0.4s
[16:24:53] han 기상결합:   9% (2/22) elapsed=   0.0s eta=   0.3s
[16:24:53] han 기상결합:  18% (4/22) elapsed=   0.0s eta=   0.2s
[16:24:53] han 기상결합:  27% (6/22) elapsed=   0.1s eta=   0.2s
[16:24:53] han 기상결합:  36% (8/22) elapsed=   0.1s eta=   0.1s
[16:24:53] han 기상결합:  45% (10/22) elapsed=   0.1s eta=   0.1s
[16:24:53] han 기상결합:  50% (11/22) elapsed=   0.1s eta=   0.1s
[16:24:53] han 기상결합:  59% (13/22) elapsed=   0.1s eta=   0.1s
[16:24:53] han 기상결합:  68% (15/22) elapsed=   0.1s eta=   0.1s
[16:24:53] han 기상결합:  77% (17/22) elapsed=   0.2s eta=   0.0s
[16:24:53] han 기상결합:  86% (19/22) elapsed=   0.2s eta=   0.0s
[16:24:53] han 기상결합:  95% (21/22) elapsed=   0.2s eta=   0.0s
[16:24:53] han 기상결합: 100% (22/22) elapsed=   0.2s eta=   0.0s
[16:24:53] [han] 저장 C:\Users\minsoo\Desktop\수질측정 및 오염원\deep_see\data_processed\han_weather_hourly.parquet shape=(1211531, 7) 커버리지={'cov_air_temp': np.float64(0.353), 'cov_rainfall': np.float64(0.028), 'cov_wind_speed': np.float64(0.353), 'cov_humidity': np.float64(0.351), 'cov_solar_rad': np.float64(0.029)}
[16:24:53] nak 기상결합:   4% (1/23) elapsed=   0.0s eta=   0.5s
[16:24:53] nak 기상결합:  13% (3/23) elapsed=   0.0s eta=   0.3s
[16:24:53] nak 기상결합:  21% (5/23) elapsed=   0.1s eta=   0.2s
[16:24:53] nak 기상결합:  26% (6/23) elapsed=   0.1s eta=   0.2s
[16:24:53] nak 기상결합:  34% (8/23) elapsed=   0.1s eta=   0.1s
[16:24:53] nak 기상결합:  39% (9/23) elapsed=   0.1s eta=   0.1s
[16:24:53] nak 기상결합:  47% (11/23) elapsed=   0.1s eta=   0.1s
[16:24:54] nak 기상결합:  52% (12/23) elapsed=   0.1s eta=   0.1s
[16:24:54] nak 기상결합:  60% (14/23) elapsed=   0.1s eta=   0.1s
[16:24:54] nak 기상결합:  65% (15/23) elapsed=   0.2s eta=   0.1s
[16:24:54] nak 기상결합:  73% (17/23) elapsed=   0.2s eta=   0.1s
[16:24:54] nak 기상결합:  78% (18/23) elapsed=   0.2s eta=   0.0s
[16:24:54] nak 기상결합:  86% (20/23) elapsed=   0.2s eta=   0.0s
[16:24:54] nak 기상결합:  91% (21/23) elapsed=   0.2s eta=   0.0s
[16:24:54] nak 기상결합: 100% (23/23) elapsed=   0.2s eta=   0.0s
[16:24:54] [nak] 저장 C:\Users\minsoo\Desktop\수질측정 및 오염원\deep_see\data_processed\nak_weather_hourly.parquet shape=(1249553, 7) 커버리지={'cov_air_temp': np.float64(0.375), 'cov_rainfall': np.float64(0.029), 'cov_wind_speed': np.float64(0.375), 'cov_humidity': np.float64(0.374), 'cov_solar_rad': np.float64(0.053)}
[16:24:54] geum 기상결합:   7% (1/13) elapsed=   0.0s eta=   0.2s
[16:24:54] geum 기상결합:  15% (2/13) elapsed=   0.0s eta=   0.1s
[16:24:54] geum 기상결합:  23% (3/13) elapsed=   0.0s eta=   0.1s
[16:24:54] geum 기상결합:  30% (4/13) elapsed=   0.0s eta=   0.1s
[16:24:54] geum 기상결합:  38% (5/13) elapsed=   0.0s eta=   0.1s
[16:24:54] geum 기상결합:  46% (6/13) elapsed=   0.1s eta=   0.1s
[16:24:54] geum 기상결합:  53% (7/13) elapsed=   0.1s eta=   0.1s
[16:24:54] geum 기상결합:  61% (8/13) elapsed=   0.1s eta=   0.1s
[16:24:54] geum 기상결합:  69% (9/13) elapsed=   0.1s eta=   0.0s
[16:24:54] geum 기상결합:  76% (10/13) elapsed=   0.1s eta=   0.0s
[16:24:54] geum 기상결합:  84% (11/13) elapsed=   0.1s eta=   0.0s
[16:24:54] geum 기상결합:  92% (12/13) elapsed=   0.1s eta=   0.0s
[16:24:54] geum 기상결합: 100% (13/13) elapsed=   0.1s eta=   0.0s
[16:24:54] [geum] 저장 C:\Users\minsoo\Desktop\수질측정 및 오염원\deep_see\data_processed\geum_weather_hourly.parquet shape=(707694, 7) 커버리지={'cov_air_temp': np.float64(0.359), 'cov_rainfall': np.float64(0.027), 'cov_wind_speed': np.float64(0.359), 'cov_humidity': np.float64(0.358), 'cov_solar_rad': np.float64(0.031)}
[16:24:54] yeong 기상결합:  11% (1/9) elapsed=   0.0s eta=   0.1s
[16:24:54] yeong 기상결합:  22% (2/9) elapsed=   0.0s eta=   0.1s
[16:24:54] yeong 기상결합:  33% (3/9) elapsed=   0.0s eta=   0.1s
[16:24:54] yeong 기상결합:  44% (4/9) elapsed=   0.0s eta=   0.1s
[16:24:54] yeong 기상결합:  55% (5/9) elapsed=   0.1s eta=   0.0s
[16:24:54] yeong 기상결합:  66% (6/9) elapsed=   0.1s eta=   0.0s
[16:24:54] yeong 기상결합:  77% (7/9) elapsed=   0.1s eta=   0.0s
[16:24:54] yeong 기상결합:  88% (8/9) elapsed=   0.1s eta=   0.0s
[16:24:54] yeong 기상결합: 100% (9/9) elapsed=   0.1s eta=   0.0s
[16:24:54] [yeong] 저장 C:\Users\minsoo\Desktop\수질측정 및 오염원\deep_see\data_processed\yeong_weather_hourly.parquet shape=(494252, 7) 커버리지={'cov_air_temp': np.float64(0.369), 'cov_rainfall': np.float64(0.03), 'cov_wind_speed': np.float64(0.37), 'cov_humidity': np.float64(0.369), 'cov_solar_rad': np.float64(0.154)}
[16:24:54] weather_links.csv 저장 완료
[16:26:07] ASOS 매핑: 67/67 지점 링크 완료
[16:26:07]   S01001 → ASOS 102(백령도) 38.1km
[16:26:07]   S01002 → ASOS 217(영천) 36.6km
[16:26:07]   S01003 → ASOS 115(울릉도) 18.1km
[16:26:07]   S01004 → ASOS 102(백령도) 13.0km
[16:26:07]   S01005 → ASOS 217(영천) 25.9km
[16:26:07] 필요 ASOS 지점: 23개
[16:26:07] ASOS 로드:   4% (8/200) elapsed=   0.1s eta=   1.9s
[16:26:07] ASOS 로드:   9% (18/200) elapsed=   0.2s eta=   2.2s
[16:26:07] ASOS 로드:  14% (28/200) elapsed=   0.3s eta=   1.6s
[16:26:08] ASOS 로드:  19% (38/200) elapsed=   0.6s eta=   2.7s
[16:26:08] ASOS 로드:  24% (48/200) elapsed=   0.8s eta=   2.4s
[16:26:08] ASOS 로드:  29% (58/200) elapsed=   0.9s eta=   2.2s
[16:26:08] ASOS 로드:  34% (68/200) elapsed=   1.2s eta=   2.2s
[16:26:08] ASOS 로드:  39% (78/200) elapsed=   1.5s eta=   2.4s
[16:26:09] ASOS 로드:  44% (88/200) elapsed=   1.7s eta=   2.2s
[16:26:09] ASOS 로드:  49% (98/200) elapsed=   1.7s eta=   1.8s
[16:26:09] ASOS 로드:  54% (108/200) elapsed=   1.7s eta=   1.5s
[16:26:09] ASOS 로드:  59% (118/200) elapsed=   1.7s eta=   1.2s
[16:26:09] ASOS 로드:  64% (128/200) elapsed=   1.7s eta=   1.0s
[16:26:09] ASOS 로드:  69% (138/200) elapsed=   1.8s eta=   0.8s
[16:26:09] ASOS 로드:  74% (148/200) elapsed=   2.0s eta=   0.7s
[16:26:09] ASOS 로드:  79% (158/200) elapsed=   2.1s eta=   0.5s
[16:26:09] ASOS 로드:  84% (168/200) elapsed=   2.1s eta=   0.4s
[16:26:09] ASOS 로드:  89% (178/200) elapsed=   2.2s eta=   0.3s
[16:26:09] ASOS 로드:  94% (188/200) elapsed=   2.2s eta=   0.1s
[16:26:09] ASOS 로드:  99% (198/200) elapsed=   2.3s eta=   0.0s
[16:26:09] ASOS 로드: 100% (200/200) elapsed=   2.3s eta=   0.0s
[16:26:09] ASOS 로드:   6% (2/29) elapsed=   0.1s eta=   1.0s
[16:26:09] ASOS 로드:  13% (4/29) elapsed=   0.1s eta=   0.5s
[16:26:09] ASOS 로드:  20% (6/29) elapsed=   0.1s eta=   0.3s
[16:26:09] ASOS 로드:  27% (8/29) elapsed=   0.1s eta=   0.2s
[16:26:09] ASOS 로드:  34% (10/29) elapsed=   0.1s eta=   0.1s
[16:26:09] ASOS 로드:  41% (12/29) elapsed=   0.1s eta=   0.1s
[16:26:09] ASOS 로드:  48% (14/29) elapsed=   0.1s eta=   0.1s
[16:26:09] ASOS 로드:  55% (16/29) elapsed=   0.1s eta=   0.1s
[16:26:09] ASOS 로드:  62% (18/29) elapsed=   0.1s eta=   0.0s
[16:26:09] ASOS 로드:  68% (20/29) elapsed=   0.1s eta=   0.0s
[16:26:09] ASOS 로드:  75% (22/29) elapsed=   0.1s eta=   0.0s
[16:26:09] ASOS 로드:  82% (24/29) elapsed=   0.1s eta=   0.0s
[16:26:09] ASOS 로드:  89% (26/29) elapsed=   0.1s eta=   0.0s
[16:26:09] ASOS 로드:  96% (28/29) elapsed=   0.1s eta=   0.0s
[16:26:09] ASOS 로드: 100% (29/29) elapsed=   0.1s eta=   0.0s
[16:26:09] 로드 완료: 22개 ASOS 지점
[16:26:10] han 기상결합:   4% (1/22) elapsed=   0.0s eta=   0.4s
[16:26:10] han 기상결합:   9% (2/22) elapsed=   0.0s eta=   0.3s
[16:26:10] han 기상결합:  18% (4/22) elapsed=   0.0s eta=   0.2s
[16:26:10] han 기상결합:  27% (6/22) elapsed=   0.1s eta=   0.2s
[16:26:10] han 기상결합:  36% (8/22) elapsed=   0.1s eta=   0.2s
[16:26:10] han 기상결합:  45% (10/22) elapsed=   0.1s eta=   0.1s
[16:26:10] han 기상결합:  50% (11/22) elapsed=   0.1s eta=   0.1s
[16:26:10] han 기상결합:  59% (13/22) elapsed=   0.1s eta=   0.1s
[16:26:10] han 기상결합:  68% (15/22) elapsed=   0.2s eta=   0.1s
[16:26:10] han 기상결합:  77% (17/22) elapsed=   0.2s eta=   0.1s
[16:26:10] han 기상결합:  86% (19/22) elapsed=   0.2s eta=   0.0s
[16:26:10] han 기상결합:  95% (21/22) elapsed=   0.2s eta=   0.0s
[16:26:10] han 기상결합: 100% (22/22) elapsed=   0.2s eta=   0.0s
[16:26:10] [han] 저장 C:\Users\minsoo\Desktop\수질측정 및 오염원\deep_see\data_processed\han_weather_hourly.parquet shape=(1211531, 7) 커버리지={'cov_air_temp': np.float64(0.353), 'cov_rainfall': np.float64(0.353), 'cov_wind_speed': np.float64(0.353), 'cov_humidity': np.float64(0.351), 'cov_solar_rad': np.float64(0.353)}
[16:26:10] nak 기상결합:   4% (1/23) elapsed=   0.0s eta=   0.4s
[16:26:10] nak 기상결합:  13% (3/23) elapsed=   0.0s eta=   0.3s
[16:26:10] nak 기상결합:  21% (5/23) elapsed=   0.1s eta=   0.2s
[16:26:10] nak 기상결합:  26% (6/23) elapsed=   0.1s eta=   0.2s
[16:26:10] nak 기상결합:  34% (8/23) elapsed=   0.1s eta=   0.2s
[16:26:10] nak 기상결합:  39% (9/23) elapsed=   0.1s eta=   0.2s
[16:26:10] nak 기상결합:  47% (11/23) elapsed=   0.1s eta=   0.1s
[16:26:10] nak 기상결합:  52% (12/23) elapsed=   0.1s eta=   0.1s
[16:26:10] nak 기상결합:  60% (14/23) elapsed=   0.1s eta=   0.1s
[16:26:10] nak 기상결합:  65% (15/23) elapsed=   0.2s eta=   0.1s
[16:26:10] nak 기상결합:  73% (17/23) elapsed=   0.2s eta=   0.1s
[16:26:10] nak 기상결합:  78% (18/23) elapsed=   0.2s eta=   0.1s
[16:26:10] nak 기상결합:  86% (20/23) elapsed=   0.2s eta=   0.0s
[16:26:10] nak 기상결합:  91% (21/23) elapsed=   0.2s eta=   0.0s
[16:26:10] nak 기상결합: 100% (23/23) elapsed=   0.2s eta=   0.0s
[16:26:10] [nak] 저장 C:\Users\minsoo\Desktop\수질측정 및 오염원\deep_see\data_processed\nak_weather_hourly.parquet shape=(1249553, 7) 커버리지={'cov_air_temp': np.float64(0.375), 'cov_rainfall': np.float64(0.375), 'cov_wind_speed': np.float64(0.375), 'cov_humidity': np.float64(0.374), 'cov_solar_rad': np.float64(0.375)}
[16:26:11] geum 기상결합:   7% (1/13) elapsed=   0.0s eta=   0.2s
[16:26:11] geum 기상결합:  15% (2/13) elapsed=   0.0s eta=   0.1s
[16:26:11] geum 기상결합:  23% (3/13) elapsed=   0.0s eta=   0.1s
[16:26:11] geum 기상결합:  30% (4/13) elapsed=   0.0s eta=   0.1s
[16:26:11] geum 기상결합:  38% (5/13) elapsed=   0.0s eta=   0.1s
[16:26:11] geum 기상결합:  46% (6/13) elapsed=   0.1s eta=   0.1s
[16:26:11] geum 기상결합:  53% (7/13) elapsed=   0.1s eta=   0.1s
[16:26:11] geum 기상결합:  61% (8/13) elapsed=   0.1s eta=   0.1s
[16:26:11] geum 기상결합:  69% (9/13) elapsed=   0.1s eta=   0.0s
[16:26:11] geum 기상결합:  76% (10/13) elapsed=   0.1s eta=   0.0s
[16:26:11] geum 기상결합:  84% (11/13) elapsed=   0.1s eta=   0.0s
[16:26:11] geum 기상결합:  92% (12/13) elapsed=   0.1s eta=   0.0s
[16:26:11] geum 기상결합: 100% (13/13) elapsed=   0.1s eta=   0.0s
[16:26:11] [geum] 저장 C:\Users\minsoo\Desktop\수질측정 및 오염원\deep_see\data_processed\geum_weather_hourly.parquet shape=(707694, 7) 커버리지={'cov_air_temp': np.float64(0.359), 'cov_rainfall': np.float64(0.359), 'cov_wind_speed': np.float64(0.359), 'cov_humidity': np.float64(0.358), 'cov_solar_rad': np.float64(0.359)}
[16:26:11] yeong 기상결합:  11% (1/9) elapsed=   0.0s eta=   0.1s
[16:26:11] yeong 기상결합:  22% (2/9) elapsed=   0.0s eta=   0.1s
[16:26:11] yeong 기상결합:  33% (3/9) elapsed=   0.0s eta=   0.1s
[16:26:11] yeong 기상결합:  44% (4/9) elapsed=   0.1s eta=   0.1s
[16:26:11] yeong 기상결합:  55% (5/9) elapsed=   0.1s eta=   0.1s
[16:26:11] yeong 기상결합:  66% (6/9) elapsed=   0.1s eta=   0.0s
[16:26:11] yeong 기상결합:  77% (7/9) elapsed=   0.1s eta=   0.0s
[16:26:11] yeong 기상결합:  88% (8/9) elapsed=   0.1s eta=   0.0s
[16:26:11] yeong 기상결합: 100% (9/9) elapsed=   0.1s eta=   0.0s
[16:26:11] [yeong] 저장 C:\Users\minsoo\Desktop\수질측정 및 오염원\deep_see\data_processed\yeong_weather_hourly.parquet shape=(494252, 7) 커버리지={'cov_air_temp': np.float64(0.369), 'cov_rainfall': np.float64(0.369), 'cov_wind_speed': np.float64(0.37), 'cov_humidity': np.float64(0.369), 'cov_solar_rad': np.float64(0.369)}
[16:26:11] weather_links.csv 저장 완료
