[00:37:16] flow: 관측소 636개, 링크된 WQ지점 67/67
[00:37:19] level: 관측소 659개, 링크된 WQ지점 67/67
[00:37:23] dam: 관측소 37개, 링크된 WQ지점 24/67
[00:37:23] flow: 필요 코드 63개 series 로드 시작
[00:37:25] 53. 수리수문기상(유량) 로드:   4% (4/93) elapsed=   2.2s eta=  48.4s
[00:37:29] 53. 수리수문기상(유량) 로드:   9% (9/93) elapsed=   5.9s eta=  54.9s
[00:37:32] 53. 수리수문기상(유량) 로드:  15% (14/93) elapsed=   9.5s eta=  53.6s
[00:37:36] 53. 수리수문기상(유량) 로드:  20% (19/93) elapsed=  13.5s eta=  52.6s
[00:37:40] 53. 수리수문기상(유량) 로드:  25% (24/93) elapsed=  16.9s eta=  48.6s
[00:37:43] 53. 수리수문기상(유량) 로드:  30% (28/93) elapsed=  20.5s eta=  47.6s
[00:37:45] 53. 수리수문기상(유량) 로드:  35% (33/93) elapsed=  22.8s eta=  41.4s
[00:37:47] 53. 수리수문기상(유량) 로드:  40% (38/93) elapsed=  24.5s eta=  35.5s
[00:37:49] 53. 수리수문기상(유량) 로드:  45% (42/93) elapsed=  26.0s eta=  31.5s
[00:37:50] 53. 수리수문기상(유량) 로드:  50% (47/93) elapsed=  27.6s eta=  27.1s
[00:37:52] 53. 수리수문기상(유량) 로드:  55% (52/93) elapsed=  29.4s eta=  23.2s
[00:37:54] 53. 수리수문기상(유량) 로드:  60% (56/93) elapsed=  31.6s eta=  20.9s
[00:37:56] 53. 수리수문기상(유량) 로드:  65% (61/93) elapsed=  33.4s eta=  17.5s
[00:37:58] 53. 수리수문기상(유량) 로드:  70% (66/93) elapsed=  35.2s eta=  14.4s
[00:37:59] 53. 수리수문기상(유량) 로드:  75% (70/93) elapsed=  36.6s eta=  12.0s
[00:38:01] 53. 수리수문기상(유량) 로드:  80% (75/93) elapsed=  38.2s eta=   9.2s
[00:38:02] 53. 수리수문기상(유량) 로드:  86% (80/93) elapsed=  39.8s eta=   6.5s
[00:38:04] 53. 수리수문기상(유량) 로드:  91% (85/93) elapsed=  41.4s eta=   3.9s
[00:38:06] 53. 수리수문기상(유량) 로드:  96% (90/93) elapsed=  42.9s eta=   1.4s
[00:38:07] 53. 수리수문기상(유량) 로드: 100% (93/93) elapsed=  43.9s eta=   0.0s
[00:38:07] level: 필요 코드 63개 series 로드 시작
[00:38:09] 55. 수리수문기상(수위) 로드:   4% (4/92) elapsed=   1.4s eta=  30.4s
[00:38:10] 55. 수리수문기상(수위) 로드:   9% (9/92) elapsed=   3.1s eta=  28.5s
[00:38:12] 55. 수리수문기상(수위) 로드:  14% (13/92) elapsed=   4.5s eta=  27.2s
[00:38:14] 55. 수리수문기상(수위) 로드:  19% (18/92) elapsed=   6.3s eta=  25.8s
[00:38:15] 55. 수리수문기상(수위) 로드:  25% (23/92) elapsed=   8.1s eta=  24.3s
[00:38:17] 55. 수리수문기상(수위) 로드:  30% (28/92) elapsed=  10.1s eta=  23.2s
[00:38:21] 55. 수리수문기상(수위) 로드:  35% (33/92) elapsed=  13.8s eta=  24.7s
[00:38:24] 55. 수리수문기상(수위) 로드:  40% (37/92) elapsed=  16.8s eta=  25.0s
[00:38:28] 55. 수리수문기상(수위) 로드:  45% (42/92) elapsed=  21.0s eta=  25.0s
[00:38:32] 55. 수리수문기상(수위) 로드:  50% (46/92) elapsed=  24.4s eta=  24.4s
[00:38:35] 55. 수리수문기상(수위) 로드:  55% (51/92) elapsed=  27.5s eta=  22.1s
[00:38:39] 55. 수리수문기상(수위) 로드:  60% (56/92) elapsed=  31.6s eta=  20.3s
[00:38:43] 55. 수리수문기상(수위) 로드:  65% (60/92) elapsed=  35.4s eta=  18.9s
[00:38:47] 55. 수리수문기상(수위) 로드:  70% (65/92) elapsed=  39.9s eta=  16.6s
[00:38:51] 55. 수리수문기상(수위) 로드:  75% (69/92) elapsed=  43.7s eta=  14.6s
[00:38:55] 55. 수리수문기상(수위) 로드:  80% (74/92) elapsed=  48.1s eta=  11.7s
[00:39:00] 55. 수리수문기상(수위) 로드:  85% (79/92) elapsed=  52.4s eta=   8.6s
[00:39:03] 55. 수리수문기상(수위) 로드:  90% (83/92) elapsed=  55.3s eta=   6.0s
[00:39:07] 55. 수리수문기상(수위) 로드:  95% (88/92) elapsed=  59.7s eta=   2.7s
[00:39:10] 55. 수리수문기상(수위) 로드: 100% (92/92) elapsed=  63.2s eta=   0.0s
[00:39:12] dam: 필요 코드 14개 series 로드 시작
[00:39:14] 51. 수리수문기상(댐) 로드:  10% (1/10) elapsed=   1.2s eta=  10.9s
[00:39:15] 51. 수리수문기상(댐) 로드:  20% (2/10) elapsed=   2.3s eta=   9.2s
[00:39:16] 51. 수리수문기상(댐) 로드:  30% (3/10) elapsed=   3.3s eta=   7.7s
[00:39:17] 51. 수리수문기상(댐) 로드:  40% (4/10) elapsed=   4.3s eta=   6.5s
[00:39:18] 51. 수리수문기상(댐) 로드:  50% (5/10) elapsed=   5.4s eta=   5.4s
[00:39:19] 51. 수리수문기상(댐) 로드:  60% (6/10) elapsed=   6.4s eta=   4.3s
[00:39:20] 51. 수리수문기상(댐) 로드:  70% (7/10) elapsed=   7.4s eta=   3.2s
[00:39:21] 51. 수리수문기상(댐) 로드:  80% (8/10) elapsed=   8.7s eta=   2.2s
[00:39:22] 51. 수리수문기상(댐) 로드:  90% (9/10) elapsed=   9.7s eta=   1.1s
[00:39:23] 51. 수리수문기상(댐) 로드: 100% (10/10) elapsed=  10.7s eta=   0.0s
[00:39:24] han 결합:   4% (1/22) elapsed=   0.0s eta=   0.7s
[00:39:25] han 결합:   9% (2/22) elapsed=   0.1s eta=   0.6s
[00:39:25] han 결합:  18% (4/22) elapsed=   0.1s eta=   0.5s
[00:39:25] han 결합:  27% (6/22) elapsed=   0.1s eta=   0.4s
[00:39:25] han 결합:  36% (8/22) elapsed=   0.2s eta=   0.3s
[00:39:25] han 결합:  45% (10/22) elapsed=   0.2s eta=   0.3s
[00:39:25] han 결합:  50% (11/22) elapsed=   0.3s eta=   0.3s
[00:39:25] han 결합:  59% (13/22) elapsed=   0.3s eta=   0.2s
[00:39:25] han 결합:  68% (15/22) elapsed=   0.4s eta=   0.2s
[00:39:25] han 결합:  77% (17/22) elapsed=   0.4s eta=   0.1s
[00:39:25] han 결합:  86% (19/22) elapsed=   0.4s eta=   0.1s
[00:39:25] han 결합:  95% (21/22) elapsed=   0.5s eta=   0.0s
[00:39:25] han 결합: 100% (22/22) elapsed=   0.5s eta=   0.0s
[00:39:25] [han] 저장 C:\Users\minsoo\Desktop\수질측정 및 오염원\deep_see\data_processed\han_covariates_hourly.parquet shape=(1211531, 7) 커버리지={'cov_flow': np.float64(0.367), 'cov_level': np.float64(0.647), 'cov_dam_discharge': np.float64(0.058), 'cov_dam_inflow': np.float64(0.058), 'cov_dam_level': np.float64(0.058)}
[00:39:26] nak 결합:   4% (1/23) elapsed=   0.0s eta=   1.0s
[00:39:26] nak 결합:  13% (3/23) elapsed=   0.1s eta=   0.6s
[00:39:26] nak 결합:  21% (5/23) elapsed=   0.1s eta=   0.5s
[00:39:26] nak 결합:  26% (6/23) elapsed=   0.2s eta=   0.4s
[00:39:26] nak 결합:  34% (8/23) elapsed=   0.2s eta=   0.4s
[00:39:26] nak 결합:  39% (9/23) elapsed=   0.2s eta=   0.4s
[00:39:26] nak 결합:  47% (11/23) elapsed=   0.3s eta=   0.3s
[00:39:26] nak 결합:  52% (12/23) elapsed=   0.3s eta=   0.3s
[00:39:26] nak 결합:  60% (14/23) elapsed=   0.4s eta=   0.2s
[00:39:26] nak 결합:  65% (15/23) elapsed=   0.4s eta=   0.2s
[00:39:26] nak 결합:  73% (17/23) elapsed=   0.4s eta=   0.1s
[00:39:26] nak 결합:  78% (18/23) elapsed=   0.4s eta=   0.1s
[00:39:26] nak 결합:  86% (20/23) elapsed=   0.5s eta=   0.1s
[00:39:26] nak 결합:  91% (21/23) elapsed=   0.5s eta=   0.0s
[00:39:26] nak 결합: 100% (23/23) elapsed=   0.6s eta=   0.0s
[00:39:26] [nak] 저장 C:\Users\minsoo\Desktop\수질측정 및 오염원\deep_see\data_processed\nak_covariates_hourly.parquet shape=(1249553, 7) 커버리지={'cov_flow': np.float64(0.288), 'cov_level': np.float64(0.659), 'cov_dam_discharge': np.float64(0.037), 'cov_dam_inflow': np.float64(0.037), 'cov_dam_level': np.float64(0.037)}
[00:39:26] geum 결합:   7% (1/13) elapsed=   0.0s eta=   0.4s
[00:39:27] geum 결합:  15% (2/13) elapsed=   0.1s eta=   0.3s
[00:39:27] geum 결합:  23% (3/13) elapsed=   0.1s eta=   0.2s
[00:39:27] geum 결합:  30% (4/13) elapsed=   0.1s eta=   0.2s
[00:39:27] geum 결합:  38% (5/13) elapsed=   0.1s eta=   0.2s
[00:39:27] geum 결합:  46% (6/13) elapsed=   0.1s eta=   0.2s
[00:39:27] geum 결합:  53% (7/13) elapsed=   0.2s eta=   0.2s
[00:39:27] geum 결합:  61% (8/13) elapsed=   0.2s eta=   0.1s
[00:39:27] geum 결합:  69% (9/13) elapsed=   0.2s eta=   0.1s
[00:39:27] geum 결합:  76% (10/13) elapsed=   0.2s eta=   0.1s
[00:39:27] geum 결합:  84% (11/13) elapsed=   0.3s eta=   0.0s
[00:39:27] geum 결합:  92% (12/13) elapsed=   0.3s eta=   0.0s
[00:39:27] geum 결합: 100% (13/13) elapsed=   0.3s eta=   0.0s
[00:39:27] [geum] 저장 C:\Users\minsoo\Desktop\수질측정 및 오염원\deep_see\data_processed\geum_covariates_hourly.parquet shape=(707694, 7) 커버리지={'cov_flow': np.float64(0.433), 'cov_level': np.float64(0.633), 'cov_dam_discharge': np.float64(0.155), 'cov_dam_inflow': np.float64(0.155), 'cov_dam_level': np.float64(0.155)}
[00:39:27] yeong 결합:  11% (1/9) elapsed=   0.0s eta=   0.3s
[00:39:27] yeong 결합:  22% (2/9) elapsed=   0.1s eta=   0.2s
[00:39:27] yeong 결합:  33% (3/9) elapsed=   0.1s eta=   0.2s
[00:39:27] yeong 결합:  44% (4/9) elapsed=   0.1s eta=   0.1s
[00:39:27] yeong 결합:  55% (5/9) elapsed=   0.1s eta=   0.1s
[00:39:27] yeong 결합:  66% (6/9) elapsed=   0.1s eta=   0.1s
[00:39:27] yeong 결합:  77% (7/9) elapsed=   0.2s eta=   0.0s
[00:39:27] yeong 결합:  88% (8/9) elapsed=   0.2s eta=   0.0s
[00:39:27] yeong 결합: 100% (9/9) elapsed=   0.2s eta=   0.0s
[00:39:27] [yeong] 저장 C:\Users\minsoo\Desktop\수질측정 및 오염원\deep_see\data_processed\yeong_covariates_hourly.parquet shape=(494252, 7) 커버리지={'cov_flow': np.float64(0.376), 'cov_level': np.float64(0.585), 'cov_dam_discharge': np.float64(0.119), 'cov_dam_inflow': np.float64(0.119), 'cov_dam_level': np.float64(0.119)}
[00:39:27] covariate_links.csv 저장 완료
