[00:57:15] 로드 완료 | VRAM alloc=0.45 reserved=0.45 peak=0.45/15.93GB, smi_used=2.32GB
[00:57:49] han/S01001/do: c240=0.830 c360=0.828 c512=0.847 c720=0.823 c1024=0.840  best=c512
[00:58:21] han/S01001/toc: c240=0.715 c360=0.689 c512=0.726 c720=0.679 c1024=0.694  best=c512
[00:58:53] han/S01001/tn: c240=0.712 c360=0.701 c512=0.683 c720=0.686 c1024=0.654  best=c240
[00:59:25] han/S01001/tp: c240=0.034 c360=0.179 c512=0.291 c720=0.223 c1024=0.288  best=c512
[00:59:58] han/S01001/chl-a: c240=0.342 c360=0.316 c512=0.358 c720=0.336 c1024=0.400  best=c1024
[01:00:31] nak/S02020/do: c240=0.782 c360=0.788 c512=0.789 c720=0.780 c1024=0.777  best=c512
[01:01:04] nak/S02020/toc: c240=0.224 c360=0.234 c512=0.310 c720=0.321 c1024=0.347  best=c1024
[01:01:36] nak/S02020/tn: c240=0.309 c360=0.295 c512=0.331 c720=0.296 c1024=0.307  best=c512
[01:02:09] nak/S02020/tp: c240=0.436 c360=0.427 c512=0.431 c720=0.470 c1024=0.501  best=c1024
[01:02:42] nak/S02020/chl-a: c240=0.123 c360=0.153 c512=0.131 c720=0.104 c1024=0.118  best=c360
[01:03:16] geum/S03009/do: c240=0.957 c360=0.957 c512=0.955 c720=0.957 c1024=0.955  best=c720
[01:03:49] geum/S03009/toc: c240=0.703 c360=0.717 c512=0.738 c720=0.763 c1024=0.778  best=c1024
[01:04:21] geum/S03009/tn: c240=0.725 c360=0.724 c512=0.739 c720=0.728 c1024=0.725  best=c512
[01:04:52] geum/S03009/tp: c240=0.782 c360=0.785 c512=0.796 c720=0.789 c1024=0.804  best=c1024
[01:05:23] geum/S03009/chl-a: c240=0.235 c360=0.223 c512=0.238 c720=0.195 c1024=0.269  best=c1024
[01:05:54] yeong/S04008/do: c240=0.700 c360=0.687 c512=0.692 c720=0.673 c1024=0.657  best=c240
[01:06:25] yeong/S04008/toc: c240=0.488 c360=0.492 c512=0.492 c720=0.461 c1024=0.487  best=c360
[01:06:56] yeong/S04008/tn: c240=0.812 c360=0.832 c512=0.828 c720=0.822 c1024=0.835  best=c1024
[01:07:27] yeong/S04008/tp: c240=0.527 c360=0.535 c512=0.547 c720=0.509 c1024=0.575  best=c1024
[01:07:58] yeong/S04008/chl-a: c240=0.357 c360=0.361 c512=0.257 c720=0.314 c1024=0.271  best=c360
[01:07:58] context_sweep.md 저장
