[04:21:03] [do] LoRA@512 어댑터 로드 | VRAM alloc=0.45 reserved=0.48 peak=0.48/15.93GB, smi_used=2.30GB
[04:21:10] han/S01001/do: legacy NSE=0.131 | chronosLoRA512 NSE=0.843 (Δ=+0.712)
[04:21:17] nak/S02020/do: legacy NSE=0.747 | chronosLoRA512 NSE=0.811 (Δ=+0.064)
[04:21:24] geum/S03009/do: legacy NSE=0.922 | chronosLoRA512 NSE=0.959 (Δ=+0.037)
[04:21:31] yeong/S04008/do: legacy NSE=0.582 | chronosLoRA512 NSE=0.711 (Δ=+0.129)
[04:21:32] [toc] LoRA@512 어댑터 로드 | VRAM alloc=0.45 reserved=0.49 peak=1.11/15.93GB, smi_used=2.29GB
[04:21:38] han/S01001/toc: legacy NSE=0.016 | chronosLoRA512 NSE=0.708 (Δ=+0.693)
[04:21:45] nak/S02020/toc: legacy NSE=0.327 | chronosLoRA512 NSE=0.315 (Δ=-0.012)
[04:21:52] geum/S03009/toc: legacy NSE=-1.186 | chronosLoRA512 NSE=0.725 (Δ=+1.910)
[04:21:59] yeong/S04008/toc: legacy NSE=0.280 | chronosLoRA512 NSE=0.489 (Δ=+0.209)
[04:22:00] [tn] LoRA@512 어댑터 로드 | VRAM alloc=0.45 reserved=0.49 peak=1.11/15.93GB, smi_used=2.29GB
[04:22:07] han/S01001/tn: legacy NSE=-0.630 | chronosLoRA512 NSE=0.723 (Δ=+1.353)
[04:22:14] nak/S02020/tn: legacy NSE=0.144 | chronosLoRA512 NSE=0.356 (Δ=+0.211)
[04:22:20] geum/S03009/tn: legacy NSE=0.649 | chronosLoRA512 NSE=0.746 (Δ=+0.097)
[04:22:27] yeong/S04008/tn: legacy NSE=0.217 | chronosLoRA512 NSE=0.829 (Δ=+0.612)
[04:22:28] [tp] LoRA@512 어댑터 로드 | VRAM alloc=0.45 reserved=0.49 peak=1.11/15.93GB, smi_used=2.29GB
[04:22:35] han/S01001/tp: legacy NSE=0.078 | chronosLoRA512 NSE=0.220 (Δ=+0.141)
[04:22:42] nak/S02020/tp: legacy NSE=0.580 | chronosLoRA512 NSE=0.488 (Δ=-0.092)
[04:22:49] geum/S03009/tp: legacy NSE=0.546 | chronosLoRA512 NSE=0.809 (Δ=+0.263)
[04:22:56] yeong/S04008/tp: legacy NSE=-123876403.069 | chronosLoRA512 NSE=0.563 (Δ=+123876403.633)
[04:22:56] [chl-a] LoRA@512 어댑터 로드 | VRAM alloc=0.45 reserved=0.49 peak=1.11/15.93GB, smi_used=2.29GB
[04:23:03] han/S01001/chl-a: legacy NSE=0.224 | chronosLoRA512 NSE=0.332 (Δ=+0.108)
[04:23:10] nak/S02020/chl-a: legacy NSE=0.249 | chronosLoRA512 NSE=0.188 (Δ=-0.061)
[04:23:17] geum/S03009/chl-a: legacy NSE=0.290 | chronosLoRA512 NSE=0.269 (Δ=-0.021)
[04:23:24] yeong/S04008/chl-a: legacy NSE=0.425 | chronosLoRA512 NSE=0.384 (Δ=-0.041)
[04:23:25] 그림 저장 C:\Users\minsoo\Desktop\수질측정 및 오염원\deep_see\reports\figures\final_han_S01001.png
[04:23:25] 그림 저장 C:\Users\minsoo\Desktop\수질측정 및 오염원\deep_see\reports\figures\final_nak_S02020.png
[04:23:26] 그림 저장 C:\Users\minsoo\Desktop\수질측정 및 오염원\deep_see\reports\figures\final_geum_S03009.png
[04:23:26] 그림 저장 C:\Users\minsoo\Desktop\수질측정 및 오염원\deep_see\reports\figures\final_yeong_S04008.png
[04:23:26] final_compare.md 저장
