[12:20:01] === han 지점목록 ['S01001', 'S01002', 'S01003', 'S01004', 'S01005', 'S01006', 'S01007', 'S01009', 'S01010', 'S01011', 'S01012', 'S01013', 'S01014', 'S01015', 'S01016', 'S01017', 'S01018', 'S01019', 'S01020', 'S01021', 'S01022', 'S01023'] (scope=all) ===
[12:20:02] GAIN 학습 시작 n=38840 dim=10 iters=3000 dev=cuda
[12:20:03] GAIN   5% it=150/3000 D=0.191 G_mse=0.0183 | VRAM alloc=0.02 reserved=0.02 peak=0.02/15.93GB, smi_used=1.69GB
[12:20:05] GAIN  15% it=450/3000 D=0.122 G_mse=0.0119 | VRAM alloc=0.02 reserved=0.02 peak=0.02/15.93GB, smi_used=1.69GB
[12:20:07] GAIN  25% it=750/3000 D=0.114 G_mse=0.0062 | VRAM alloc=0.02 reserved=0.02 peak=0.02/15.93GB, smi_used=1.69GB
[12:20:08] GAIN  35% it=1050/3000 D=0.087 G_mse=0.0053 | VRAM alloc=0.02 reserved=0.02 peak=0.02/15.93GB, smi_used=1.69GB
[12:20:10] GAIN  45% it=1350/3000 D=0.092 G_mse=0.0036 | VRAM alloc=0.02 reserved=0.02 peak=0.02/15.93GB, smi_used=1.69GB
[12:20:12] GAIN  55% it=1650/3000 D=0.052 G_mse=0.0040 | VRAM alloc=0.02 reserved=0.02 peak=0.02/15.93GB, smi_used=1.72GB
[12:20:13] GAIN  65% it=1950/3000 D=0.062 G_mse=0.0034 | VRAM alloc=0.02 reserved=0.02 peak=0.02/15.93GB, smi_used=1.69GB
[12:20:15] GAIN  75% it=2250/3000 D=0.050 G_mse=0.0019 | VRAM alloc=0.02 reserved=0.02 peak=0.02/15.93GB, smi_used=1.69GB
[VRAM-MON] VRAM alloc=0.02 reserved=0.02 peak=0.02/15.93GB, smi_used=1.69GB
[12:20:17] GAIN  85% it=2550/3000 D=0.037 G_mse=0.0014 | VRAM alloc=0.02 reserved=0.02 peak=0.02/15.93GB, smi_used=1.69GB
[12:20:18] GAIN  95% it=2850/3000 D=0.022 G_mse=0.0010 | VRAM alloc=0.02 reserved=0.02 peak=0.02/15.93GB, smi_used=1.70GB
[12:20:19] han/S01001/do 윈도우 tr=(3207, 240, 14) va=(217, 240, 14) te=(448, 240, 14)
[12:20:19] GRU 학습 han/S01001/do: epochs=30 batches/epoch=26 dev=cuda Xtr=(3207, 240, 14)
[12:20:20] GRU han/S01001/do   3% ep=1/30 train_mse=0.6308 val_mse=0.6309 | VRAM alloc=0.03 reserved=0.80 peak=0.80/15.93GB, smi_used=2.47GB
[12:20:21] GRU han/S01001/do   6% ep=2/30 train_mse=0.4741 val_mse=0.5403 | VRAM alloc=0.03 reserved=0.80 peak=0.80/15.93GB, smi_used=2.50GB
[12:20:22] GRU han/S01001/do  10% ep=3/30 train_mse=0.4565 val_mse=0.4838 | VRAM alloc=0.03 reserved=0.80 peak=0.80/15.93GB, smi_used=2.50GB
[12:20:23] GRU han/S01001/do  13% ep=4/30 train_mse=0.4551 val_mse=0.5390 | VRAM alloc=0.03 reserved=0.80 peak=0.80/15.93GB, smi_used=2.50GB
[12:20:24] GRU han/S01001/do  16% ep=5/30 train_mse=0.4407 val_mse=0.4639 | VRAM alloc=0.03 reserved=0.80 peak=0.80/15.93GB, smi_used=2.47GB
[12:20:25] GRU han/S01001/do  20% ep=6/30 train_mse=0.4328 val_mse=0.4766 | VRAM alloc=0.03 reserved=0.80 peak=0.80/15.93GB, smi_used=2.47GB
[12:20:26] GRU han/S01001/do  23% ep=7/30 train_mse=0.4235 val_mse=0.5060 | VRAM alloc=0.03 reserved=0.80 peak=0.80/15.93GB, smi_used=2.47GB
[12:20:27] GRU han/S01001/do  26% ep=8/30 train_mse=0.4163 val_mse=0.4646 | VRAM alloc=0.03 reserved=0.80 peak=0.80/15.93GB, smi_used=2.47GB
[12:20:28] GRU han/S01001/do  30% ep=9/30 train_mse=0.4037 val_mse=0.6298 | VRAM alloc=0.03 reserved=0.80 peak=0.80/15.93GB, smi_used=2.47GB
[12:20:29] GRU han/S01001/do  33% ep=10/30 train_mse=0.4041 val_mse=0.4647 | VRAM alloc=0.03 reserved=0.80 peak=0.80/15.93GB, smi_used=2.47GB
[12:20:30] GRU han/S01001/do  36% ep=11/30 train_mse=0.3933 val_mse=0.4760 | VRAM alloc=0.03 reserved=0.80 peak=0.80/15.93GB, smi_used=2.47GB
[12:20:30] GRU han/S01001/do early stop @ep11 (best val_mse=0.4639)
[12:20:30] han/S01001/do ▶ NSE(legacy)=0.404 NSE(obs)=-0.161 RMSE=2.407
[12:20:30] han/S01001/toc 윈도우 tr=(3207, 240, 14) va=(217, 240, 14) te=(448, 240, 14)
[12:20:30] GRU 학습 han/S01001/toc: epochs=30 batches/epoch=26 dev=cuda Xtr=(3207, 240, 14)
[12:20:31] GRU han/S01001/toc   3% ep=1/30 train_mse=0.7187 val_mse=0.6912 | VRAM alloc=0.03 reserved=0.80 peak=0.80/15.93GB, smi_used=2.47GB
[VRAM-MON] VRAM alloc=0.67 reserved=0.80 peak=0.80/15.93GB, smi_used=2.47GB
[12:20:32] GRU han/S01001/toc   6% ep=2/30 train_mse=0.5989 val_mse=0.6761 | VRAM alloc=0.03 reserved=0.80 peak=0.80/15.93GB, smi_used=2.47GB
[12:20:33] GRU han/S01001/toc  10% ep=3/30 train_mse=0.5780 val_mse=0.6512 | VRAM alloc=0.03 reserved=0.80 peak=0.80/15.93GB, smi_used=2.47GB
[12:20:34] GRU han/S01001/toc  13% ep=4/30 train_mse=0.5669 val_mse=0.6061 | VRAM alloc=0.03 reserved=0.80 peak=0.80/15.93GB, smi_used=2.47GB
[12:20:35] GRU han/S01001/toc  16% ep=5/30 train_mse=0.5613 val_mse=0.6269 | VRAM alloc=0.03 reserved=0.80 peak=0.80/15.93GB, smi_used=2.47GB
[12:20:36] GRU han/S01001/toc  20% ep=6/30 train_mse=0.5570 val_mse=0.6031 | VRAM alloc=0.03 reserved=0.80 peak=0.80/15.93GB, smi_used=2.47GB
[12:20:37] GRU han/S01001/toc  23% ep=7/30 train_mse=0.5548 val_mse=0.6185 | VRAM alloc=0.03 reserved=0.80 peak=0.80/15.93GB, smi_used=2.47GB
[12:20:38] GRU han/S01001/toc  26% ep=8/30 train_mse=0.5332 val_mse=0.6100 | VRAM alloc=0.03 reserved=0.80 peak=0.80/15.93GB, smi_used=2.47GB
[12:20:39] GRU han/S01001/toc  30% ep=9/30 train_mse=0.5156 val_mse=0.6467 | VRAM alloc=0.03 reserved=0.80 peak=0.80/15.93GB, smi_used=2.47GB
[12:20:40] GRU han/S01001/toc  33% ep=10/30 train_mse=0.5316 val_mse=0.6670 | VRAM alloc=0.03 reserved=0.80 peak=0.80/15.93GB, smi_used=2.47GB
[12:20:41] GRU han/S01001/toc  36% ep=11/30 train_mse=0.5211 val_mse=0.6235 | VRAM alloc=0.03 reserved=0.80 peak=0.80/15.93GB, smi_used=2.47GB
[12:20:42] GRU han/S01001/toc  40% ep=12/30 train_mse=0.4980 val_mse=0.6821 | VRAM alloc=0.03 reserved=0.80 peak=0.80/15.93GB, smi_used=2.47GB
[12:20:42] GRU han/S01001/toc early stop @ep12 (best val_mse=0.6031)
[12:20:42] han/S01001/toc ▶ NSE(legacy)=0.383 NSE(obs)=0.161 RMSE=0.347
[12:20:42] han/S01001/tn 윈도우 tr=(3207, 240, 14) va=(217, 240, 14) te=(448, 240, 14)
[12:20:42] GRU 학습 han/S01001/tn: epochs=30 batches/epoch=26 dev=cuda Xtr=(3207, 240, 14)
[12:20:43] GRU han/S01001/tn   3% ep=1/30 train_mse=0.7097 val_mse=0.7450 | VRAM alloc=0.03 reserved=0.80 peak=0.80/15.93GB, smi_used=2.47GB
[12:20:44] GRU han/S01001/tn   6% ep=2/30 train_mse=0.5608 val_mse=0.6770 | VRAM alloc=0.03 reserved=0.80 peak=0.80/15.93GB, smi_used=2.47GB
[12:20:45] GRU han/S01001/tn  10% ep=3/30 train_mse=0.5423 val_mse=0.6537 | VRAM alloc=0.03 reserved=0.80 peak=0.80/15.93GB, smi_used=2.50GB
[12:20:46] GRU han/S01001/tn  13% ep=4/30 train_mse=0.5390 val_mse=0.6621 | VRAM alloc=0.03 reserved=0.80 peak=0.80/15.93GB, smi_used=2.50GB
[VRAM-MON] VRAM alloc=0.61 reserved=0.80 peak=0.80/15.93GB, smi_used=2.51GB
[12:20:47] GRU han/S01001/tn  16% ep=5/30 train_mse=0.5263 val_mse=0.6942 | VRAM alloc=0.03 reserved=0.80 peak=0.80/15.93GB, smi_used=2.50GB
[12:20:48] GRU han/S01001/tn  20% ep=6/30 train_mse=0.5154 val_mse=0.6742 | VRAM alloc=0.03 reserved=0.80 peak=0.80/15.93GB, smi_used=2.50GB
[12:20:49] GRU han/S01001/tn  23% ep=7/30 train_mse=0.5038 val_mse=0.6996 | VRAM alloc=0.03 reserved=0.80 peak=0.80/15.93GB, smi_used=2.48GB
[12:20:50] GRU han/S01001/tn  26% ep=8/30 train_mse=0.4941 val_mse=0.7315 | VRAM alloc=0.03 reserved=0.80 peak=0.80/15.93GB, smi_used=2.47GB
[12:20:52] GRU han/S01001/tn  30% ep=9/30 train_mse=0.4766 val_mse=0.8959 | VRAM alloc=0.03 reserved=0.80 peak=0.80/15.93GB, smi_used=2.47GB
[12:20:52] GRU han/S01001/tn early stop @ep9 (best val_mse=0.6537)
[12:20:52] han/S01001/tn ▶ NSE(legacy)=0.323 NSE(obs)=-0.885 RMSE=0.528
[12:20:52] han/S01001/tp 윈도우 tr=(3207, 240, 14) va=(217, 240, 14) te=(448, 240, 14)
[12:20:52] GRU 학습 han/S01001/tp: epochs=30 batches/epoch=26 dev=cuda Xtr=(3207, 240, 14)
[12:20:53] GRU han/S01001/tp   3% ep=1/30 train_mse=0.7887 val_mse=0.2463 | VRAM alloc=0.03 reserved=0.80 peak=0.80/15.93GB, smi_used=2.47GB
[12:20:54] GRU han/S01001/tp   6% ep=2/30 train_mse=0.6742 val_mse=0.2458 | VRAM alloc=0.03 reserved=0.80 peak=0.80/15.93GB, smi_used=2.47GB
[12:20:55] GRU han/S01001/tp  10% ep=3/30 train_mse=0.6550 val_mse=0.2311 | VRAM alloc=0.03 reserved=0.80 peak=0.80/15.93GB, smi_used=2.48GB
[12:20:56] GRU han/S01001/tp  13% ep=4/30 train_mse=0.6492 val_mse=0.2396 | VRAM alloc=0.03 reserved=0.80 peak=0.80/15.93GB, smi_used=2.48GB
[12:20:57] GRU han/S01001/tp  16% ep=5/30 train_mse=0.6480 val_mse=0.2337 | VRAM alloc=0.03 reserved=0.80 peak=0.80/15.93GB, smi_used=2.48GB
[12:20:58] GRU han/S01001/tp  20% ep=6/30 train_mse=0.6539 val_mse=0.2243 | VRAM alloc=0.03 reserved=0.80 peak=0.80/15.93GB, smi_used=2.47GB
[12:20:59] GRU han/S01001/tp  23% ep=7/30 train_mse=0.6406 val_mse=0.2351 | VRAM alloc=0.03 reserved=0.80 peak=0.80/15.93GB, smi_used=2.47GB
[12:21:00] GRU han/S01001/tp  26% ep=8/30 train_mse=0.6348 val_mse=0.2483 | VRAM alloc=0.03 reserved=0.80 peak=0.80/15.93GB, smi_used=2.47GB
[12:21:01] GRU han/S01001/tp  30% ep=9/30 train_mse=0.6283 val_mse=0.2320 | VRAM alloc=0.03 reserved=0.80 peak=0.80/15.93GB, smi_used=2.47GB
[VRAM-MON] VRAM alloc=0.61 reserved=0.80 peak=0.80/15.93GB, smi_used=2.47GB
[12:21:02] GRU han/S01001/tp  33% ep=10/30 train_mse=0.6324 val_mse=0.2352 | VRAM alloc=0.03 reserved=0.80 peak=0.80/15.93GB, smi_used=2.47GB
[12:21:03] GRU han/S01001/tp  36% ep=11/30 train_mse=0.6216 val_mse=0.2621 | VRAM alloc=0.03 reserved=0.80 peak=0.80/15.93GB, smi_used=2.47GB
[12:21:04] GRU han/S01001/tp  40% ep=12/30 train_mse=0.6179 val_mse=0.2413 | VRAM alloc=0.03 reserved=0.80 peak=0.80/15.93GB, smi_used=2.47GB
[12:21:04] GRU han/S01001/tp early stop @ep12 (best val_mse=0.2243)
[12:21:04] han/S01001/tp ▶ NSE(legacy)=0.227 NSE(obs)=0.114 RMSE=0.002
[12:21:04] han/S01001/chl-a 윈도우 tr=(3207, 240, 14) va=(217, 240, 14) te=(448, 240, 14)
[12:21:04] GRU 학습 han/S01001/chl-a: epochs=30 batches/epoch=26 dev=cuda Xtr=(3207, 240, 14)
[12:21:05] GRU han/S01001/chl-a   3% ep=1/30 train_mse=0.7154 val_mse=0.1416 | VRAM alloc=0.03 reserved=0.80 peak=0.80/15.93GB, smi_used=2.47GB
[12:21:06] GRU han/S01001/chl-a   6% ep=2/30 train_mse=0.5580 val_mse=0.1146 | VRAM alloc=0.03 reserved=0.80 peak=0.80/15.93GB, smi_used=2.47GB
[12:21:07] GRU han/S01001/chl-a  10% ep=3/30 train_mse=0.5429 val_mse=0.1107 | VRAM alloc=0.03 reserved=0.80 peak=0.80/15.93GB, smi_used=2.47GB
[12:21:08] GRU han/S01001/chl-a  13% ep=4/30 train_mse=0.5340 val_mse=0.1131 | VRAM alloc=0.03 reserved=0.80 peak=0.80/15.93GB, smi_used=2.49GB
[12:21:09] GRU han/S01001/chl-a  16% ep=5/30 train_mse=0.5303 val_mse=0.1057 | VRAM alloc=0.03 reserved=0.80 peak=0.80/15.93GB, smi_used=2.49GB
[12:21:10] GRU han/S01001/chl-a  20% ep=6/30 train_mse=0.5200 val_mse=0.1200 | VRAM alloc=0.03 reserved=0.80 peak=0.80/15.93GB, smi_used=2.49GB
[12:21:11] GRU han/S01001/chl-a  23% ep=7/30 train_mse=0.5219 val_mse=0.1258 | VRAM alloc=0.03 reserved=0.80 peak=0.80/15.93GB, smi_used=2.49GB
[12:21:12] GRU han/S01001/chl-a  26% ep=8/30 train_mse=0.5165 val_mse=0.1261 | VRAM alloc=0.03 reserved=0.80 peak=0.80/15.93GB, smi_used=2.49GB
[12:21:13] GRU han/S01001/chl-a  30% ep=9/30 train_mse=0.5053 val_mse=0.1147 | VRAM alloc=0.03 reserved=0.80 peak=0.80/15.93GB, smi_used=2.49GB
[12:21:14] GRU han/S01001/chl-a  33% ep=10/30 train_mse=0.4987 val_mse=0.1140 | VRAM alloc=0.03 reserved=0.80 peak=0.80/15.93GB, smi_used=2.48GB
[12:21:15] GRU han/S01001/chl-a  36% ep=11/30 train_mse=0.4923 val_mse=0.1176 | VRAM alloc=0.03 reserved=0.80 peak=0.80/15.93GB, smi_used=2.48GB
[12:21:15] GRU han/S01001/chl-a early stop @ep11 (best val_mse=0.1057)
[12:21:15] han/S01001/chl-a ▶ NSE(legacy)=0.239 NSE(obs)=0.178 RMSE=8.805
[12:21:15] GAIN 학습 시작 n=38796 dim=10 iters=3000 dev=cuda
[12:21:16] GAIN   5% it=150/3000 D=0.262 G_mse=0.0420 | VRAM alloc=0.02 reserved=0.80 peak=0.80/15.93GB, smi_used=2.50GB
[VRAM-MON] VRAM alloc=0.02 reserved=0.80 peak=0.80/15.93GB, smi_used=2.50GB
[12:21:18] GAIN  15% it=450/3000 D=0.101 G_mse=0.0126 | VRAM alloc=0.02 reserved=0.80 peak=0.80/15.93GB, smi_used=2.50GB
[12:21:20] GAIN  25% it=750/3000 D=0.057 G_mse=0.0070 | VRAM alloc=0.02 reserved=0.80 peak=0.80/15.93GB, smi_used=2.50GB
[12:21:22] GAIN  35% it=1050/3000 D=0.050 G_mse=0.0040 | VRAM alloc=0.02 reserved=0.80 peak=0.80/15.93GB, smi_used=2.48GB
[12:21:23] GAIN  45% it=1350/3000 D=0.045 G_mse=0.0054 | VRAM alloc=0.02 reserved=0.80 peak=0.80/15.93GB, smi_used=2.52GB
[12:21:24] GAIN  55% it=1650/3000 D=0.040 G_mse=0.0035 | VRAM alloc=0.02 reserved=0.80 peak=0.80/15.93GB, smi_used=2.51GB
[12:21:26] GAIN  65% it=1950/3000 D=0.030 G_mse=0.0029 | VRAM alloc=0.02 reserved=0.80 peak=0.80/15.93GB, smi_used=2.50GB
[12:21:27] GAIN  75% it=2250/3000 D=0.034 G_mse=0.0031 | VRAM alloc=0.02 reserved=0.80 peak=0.80/15.93GB, smi_used=2.50GB
[12:21:28] GAIN  85% it=2550/3000 D=0.027 G_mse=0.0019 | VRAM alloc=0.02 reserved=0.80 peak=0.80/15.93GB, smi_used=2.50GB
[12:21:30] GAIN  95% it=2850/3000 D=0.024 G_mse=0.0018 | VRAM alloc=0.02 reserved=0.80 peak=0.80/15.93GB, smi_used=2.50GB
[12:21:31] han/S01002/do 윈도우 tr=(3204, 240, 14) va=(216, 240, 14) te=(447, 240, 14)
[12:21:31] GRU 학습 han/S01002/do: epochs=30 batches/epoch=26 dev=cuda Xtr=(3204, 240, 14)
[12:21:32] GRU han/S01002/do   3% ep=1/30 train_mse=0.6820 val_mse=0.4489 | VRAM alloc=0.03 reserved=0.80 peak=0.80/15.93GB, smi_used=2.49GB
[VRAM-MON] VRAM alloc=0.67 reserved=0.80 peak=0.80/15.93GB, smi_used=2.49GB
[12:21:33] GRU han/S01002/do   6% ep=2/30 train_mse=0.5144 val_mse=0.4581 | VRAM alloc=0.03 reserved=0.80 peak=0.80/15.93GB, smi_used=2.47GB
[12:21:34] GRU han/S01002/do  10% ep=3/30 train_mse=0.4899 val_mse=0.4263 | VRAM alloc=0.03 reserved=0.80 peak=0.80/15.93GB, smi_used=2.47GB
[12:21:35] GRU han/S01002/do  13% ep=4/30 train_mse=0.4823 val_mse=0.4532 | VRAM alloc=0.03 reserved=0.80 peak=0.80/15.93GB, smi_used=2.47GB
[12:21:36] GRU han/S01002/do  16% ep=5/30 train_mse=0.4635 val_mse=0.4898 | VRAM alloc=0.03 reserved=0.80 peak=0.80/15.93GB, smi_used=2.47GB
[12:21:37] GRU han/S01002/do  20% ep=6/30 train_mse=0.4671 val_mse=0.4425 | VRAM alloc=0.03 reserved=0.80 peak=0.80/15.93GB, smi_used=2.47GB
[12:21:38] GRU han/S01002/do  23% ep=7/30 train_mse=0.4591 val_mse=0.4844 | VRAM alloc=0.03 reserved=0.80 peak=0.80/15.93GB, smi_used=2.47GB
[12:21:39] GRU han/S01002/do  26% ep=8/30 train_mse=0.4499 val_mse=0.5031 | VRAM alloc=0.03 reserved=0.80 peak=0.80/15.93GB, smi_used=2.49GB
[12:21:40] GRU han/S01002/do  30% ep=9/30 train_mse=0.4516 val_mse=0.5738 | VRAM alloc=0.03 reserved=0.80 peak=0.80/15.93GB, smi_used=2.50GB
[12:21:40] GRU han/S01002/do early stop @ep9 (best val_mse=0.4263)
[12:21:40] han/S01002/do ▶ NSE(legacy)=0.540 NSE(obs)=-0.135 RMSE=2.254
[12:21:40] han/S01002/toc 윈도우 tr=(3204, 240, 14) va=(216, 240, 14) te=(447, 240, 14)
[12:21:40] GRU 학습 han/S01002/toc: epochs=30 batches/epoch=26 dev=cuda Xtr=(3204, 240, 14)
[12:21:41] GRU han/S01002/toc   3% ep=1/30 train_mse=0.7334 val_mse=0.8253 | VRAM alloc=0.03 reserved=0.80 peak=0.80/15.93GB, smi_used=2.50GB
[12:21:42] GRU han/S01002/toc   6% ep=2/30 train_mse=0.6186 val_mse=0.7939 | VRAM alloc=0.03 reserved=0.80 peak=0.80/15.93GB, smi_used=2.50GB
[12:21:43] GRU han/S01002/toc  10% ep=3/30 train_mse=0.5985 val_mse=0.8137 | VRAM alloc=0.03 reserved=0.80 peak=0.80/15.93GB, smi_used=2.50GB
[12:21:44] GRU han/S01002/toc  13% ep=4/30 train_mse=0.5834 val_mse=0.7798 | VRAM alloc=0.03 reserved=0.80 peak=0.80/15.93GB, smi_used=2.50GB
[12:21:45] GRU han/S01002/toc  16% ep=5/30 train_mse=0.5843 val_mse=0.7904 | VRAM alloc=0.03 reserved=0.80 peak=0.80/15.93GB, smi_used=2.49GB
[12:21:46] GRU han/S01002/toc  20% ep=6/30 train_mse=0.5783 val_mse=0.7932 | VRAM alloc=0.03 reserved=0.80 peak=0.80/15.93GB, smi_used=2.48GB
[12:21:47] GRU han/S01002/toc  23% ep=7/30 train_mse=0.5562 val_mse=0.8082 | VRAM alloc=0.03 reserved=0.80 peak=0.80/15.93GB, smi_used=2.48GB
[VRAM-MON] VRAM alloc=0.03 reserved=0.80 peak=0.80/15.93GB, smi_used=2.48GB
[12:21:48] GRU han/S01002/toc  26% ep=8/30 train_mse=0.5491 val_mse=0.8385 | VRAM alloc=0.03 reserved=0.80 peak=0.80/15.93GB, smi_used=2.48GB
[12:21:49] GRU han/S01002/toc  30% ep=9/30 train_mse=0.5451 val_mse=0.8695 | VRAM alloc=0.03 reserved=0.80 peak=0.80/15.93GB, smi_used=2.47GB
[12:21:50] GRU han/S01002/toc  33% ep=10/30 train_mse=0.5419 val_mse=0.8629 | VRAM alloc=0.03 reserved=0.80 peak=0.80/15.93GB, smi_used=2.48GB
[12:21:50] GRU han/S01002/toc early stop @ep10 (best val_mse=0.7798)
[12:21:50] han/S01002/toc ▶ NSE(legacy)=0.429 NSE(obs)=0.484 RMSE=0.487
[12:21:50] han/S01002/tn 윈도우 tr=(3204, 240, 14) va=(216, 240, 14) te=(447, 240, 14)
[12:21:50] GRU 학습 han/S01002/tn: epochs=30 batches/epoch=26 dev=cuda Xtr=(3204, 240, 14)
[12:21:51] GRU han/S01002/tn   3% ep=1/30 train_mse=0.5917 val_mse=1.2764 | VRAM alloc=0.03 reserved=0.80 peak=0.80/15.93GB, smi_used=2.48GB
[12:21:52] GRU han/S01002/tn   6% ep=2/30 train_mse=0.4173 val_mse=1.1153 | VRAM alloc=0.03 reserved=0.80 peak=0.80/15.93GB, smi_used=2.48GB
[12:21:53] GRU han/S01002/tn  10% ep=3/30 train_mse=0.4106 val_mse=1.1428 | VRAM alloc=0.03 reserved=0.80 peak=0.80/15.93GB, smi_used=2.48GB
[12:21:54] GRU han/S01002/tn  13% ep=4/30 train_mse=0.3963 val_mse=1.1901 | VRAM alloc=0.03 reserved=0.80 peak=0.80/15.93GB, smi_used=2.48GB
[12:21:55] GRU han/S01002/tn  16% ep=5/30 train_mse=0.3935 val_mse=1.0886 | VRAM alloc=0.03 reserved=0.80 peak=0.80/15.93GB, smi_used=2.48GB
[12:21:56] GRU han/S01002/tn  20% ep=6/30 train_mse=0.3862 val_mse=1.0305 | VRAM alloc=0.03 reserved=0.80 peak=0.80/15.93GB, smi_used=2.47GB
[12:21:57] GRU han/S01002/tn  23% ep=7/30 train_mse=0.3870 val_mse=1.0547 | VRAM alloc=0.03 reserved=0.80 peak=0.80/15.93GB, smi_used=2.47GB
[12:21:58] GRU han/S01002/tn  26% ep=8/30 train_mse=0.3739 val_mse=1.0530 | VRAM alloc=0.03 reserved=0.80 peak=0.80/15.93GB, smi_used=2.47GB
[12:21:59] GRU han/S01002/tn  30% ep=9/30 train_mse=0.3659 val_mse=1.0232 | VRAM alloc=0.03 reserved=0.80 peak=0.80/15.93GB, smi_used=2.47GB
[12:22:00] GRU han/S01002/tn  33% ep=10/30 train_mse=0.3623 val_mse=1.0266 | VRAM alloc=0.03 reserved=0.80 peak=0.80/15.93GB, smi_used=2.47GB
[12:22:01] GRU han/S01002/tn  36% ep=11/30 train_mse=0.3632 val_mse=0.9521 | VRAM alloc=0.03 reserved=0.80 peak=0.80/15.93GB, smi_used=2.47GB
[VRAM-MON] VRAM alloc=0.67 reserved=0.80 peak=0.80/15.93GB, smi_used=2.47GB
[12:22:02] GRU han/S01002/tn  40% ep=12/30 train_mse=0.3676 val_mse=0.9985 | VRAM alloc=0.03 reserved=0.80 peak=0.80/15.93GB, smi_used=2.47GB
[12:22:03] GRU han/S01002/tn  43% ep=13/30 train_mse=0.3593 val_mse=1.0212 | VRAM alloc=0.03 reserved=0.80 peak=0.80/15.93GB, smi_used=2.47GB
[12:22:04] GRU han/S01002/tn  46% ep=14/30 train_mse=0.3592 val_mse=1.0245 | VRAM alloc=0.03 reserved=0.80 peak=0.80/15.93GB, smi_used=2.50GB
[12:22:05] GRU han/S01002/tn  50% ep=15/30 train_mse=0.3523 val_mse=1.0161 | VRAM alloc=0.03 reserved=0.80 peak=0.80/15.93GB, smi_used=2.50GB
[12:22:06] GRU han/S01002/tn  53% ep=16/30 train_mse=0.3453 val_mse=1.0525 | VRAM alloc=0.03 reserved=0.80 peak=0.80/15.93GB, smi_used=2.48GB
[12:22:07] GRU han/S01002/tn  56% ep=17/30 train_mse=0.3422 val_mse=1.0133 | VRAM alloc=0.03 reserved=0.80 peak=0.80/15.93GB, smi_used=2.48GB
[12:22:07] GRU han/S01002/tn early stop @ep17 (best val_mse=0.9521)
[12:22:07] han/S01002/tn ▶ NSE(legacy)=0.468 NSE(obs)=-0.245 RMSE=0.569
[12:22:07] han/S01002/tp 윈도우 tr=(3204, 240, 14) va=(216, 240, 14) te=(447, 240, 14)
[12:22:07] GRU 학습 han/S01002/tp: epochs=30 batches/epoch=26 dev=cuda Xtr=(3204, 240, 14)
[12:22:08] GRU han/S01002/tp   3% ep=1/30 train_mse=0.8314 val_mse=2.1972 | VRAM alloc=0.03 reserved=0.80 peak=0.80/15.93GB, smi_used=2.47GB
[12:22:09] GRU han/S01002/tp   6% ep=2/30 train_mse=0.7388 val_mse=2.1991 | VRAM alloc=0.03 reserved=0.80 peak=0.80/15.93GB, smi_used=2.48GB
[12:22:10] GRU han/S01002/tp  10% ep=3/30 train_mse=0.7269 val_mse=2.1449 | VRAM alloc=0.03 reserved=0.80 peak=0.80/15.93GB, smi_used=2.48GB
[12:22:11] GRU han/S01002/tp  13% ep=4/30 train_mse=0.7097 val_mse=2.1253 | VRAM alloc=0.03 reserved=0.80 peak=0.80/15.93GB, smi_used=2.47GB
[12:22:12] GRU han/S01002/tp  16% ep=5/30 train_mse=0.7033 val_mse=2.0682 | VRAM alloc=0.03 reserved=0.80 peak=0.80/15.93GB, smi_used=2.46GB
[12:22:13] GRU han/S01002/tp  20% ep=6/30 train_mse=0.6984 val_mse=2.1021 | VRAM alloc=0.03 reserved=0.80 peak=0.80/15.93GB, smi_used=2.46GB
[12:22:14] GRU han/S01002/tp  23% ep=7/30 train_mse=0.6909 val_mse=2.0580 | VRAM alloc=0.03 reserved=0.80 peak=0.80/15.93GB, smi_used=2.49GB
[12:22:15] GRU han/S01002/tp  26% ep=8/30 train_mse=0.6839 val_mse=2.0209 | VRAM alloc=0.03 reserved=0.80 peak=0.80/15.93GB, smi_used=2.49GB
[12:22:16] GRU han/S01002/tp  30% ep=9/30 train_mse=0.6728 val_mse=2.0178 | VRAM alloc=0.03 reserved=0.80 peak=0.80/15.93GB, smi_used=2.49GB
[VRAM-MON] VRAM alloc=0.03 reserved=0.80 peak=0.80/15.93GB, smi_used=2.49GB
[12:22:17] GRU han/S01002/tp  33% ep=10/30 train_mse=0.6693 val_mse=2.0637 | VRAM alloc=0.03 reserved=0.80 peak=0.80/15.93GB, smi_used=2.49GB
[12:22:18] GRU han/S01002/tp  36% ep=11/30 train_mse=0.6777 val_mse=2.0649 | VRAM alloc=0.03 reserved=0.80 peak=0.80/15.93GB, smi_used=2.49GB
[12:22:19] GRU han/S01002/tp  40% ep=12/30 train_mse=0.6620 val_mse=2.0539 | VRAM alloc=0.03 reserved=0.80 peak=0.80/15.93GB, smi_used=2.49GB
[12:22:21] GRU han/S01002/tp  43% ep=13/30 train_mse=0.6722 val_mse=2.1320 | VRAM alloc=0.03 reserved=0.80 peak=0.80/15.93GB, smi_used=2.47GB
[12:22:22] GRU han/S01002/tp  46% ep=14/30 train_mse=0.6540 val_mse=2.0679 | VRAM alloc=0.03 reserved=0.80 peak=0.80/15.93GB, smi_used=2.47GB
[12:22:23] GRU han/S01002/tp  50% ep=15/30 train_mse=0.6400 val_mse=2.1187 | VRAM alloc=0.03 reserved=0.80 peak=0.80/15.93GB, smi_used=2.46GB
[12:22:23] GRU han/S01002/tp early stop @ep15 (best val_mse=2.0178)
[12:22:23] han/S01002/tp ▶ NSE(legacy)=0.148 NSE(obs)=0.043 RMSE=0.024
[12:22:23] han/S01002/chl-a 윈도우 tr=(3204, 240, 14) va=(216, 240, 14) te=(447, 240, 14)
[12:22:23] GRU 학습 han/S01002/chl-a: epochs=30 batches/epoch=26 dev=cuda Xtr=(3204, 240, 14)
[12:22:24] GRU han/S01002/chl-a   3% ep=1/30 train_mse=0.6763 val_mse=0.2211 | VRAM alloc=0.03 reserved=0.80 peak=0.80/15.93GB, smi_used=2.49GB
[12:22:25] GRU han/S01002/chl-a   6% ep=2/30 train_mse=0.4943 val_mse=0.2063 | VRAM alloc=0.03 reserved=0.80 peak=0.80/15.93GB, smi_used=2.49GB
[12:22:26] GRU han/S01002/chl-a  10% ep=3/30 train_mse=0.4674 val_mse=0.1980 | VRAM alloc=0.03 reserved=0.80 peak=0.80/15.93GB, smi_used=2.47GB
[12:22:27] GRU han/S01002/chl-a  13% ep=4/30 train_mse=0.4643 val_mse=0.2205 | VRAM alloc=0.03 reserved=0.80 peak=0.80/15.93GB, smi_used=2.47GB
[12:22:28] GRU han/S01002/chl-a  16% ep=5/30 train_mse=0.4691 val_mse=0.2293 | VRAM alloc=0.03 reserved=0.80 peak=0.80/15.93GB, smi_used=2.47GB
[12:22:29] GRU han/S01002/chl-a  20% ep=6/30 train_mse=0.4496 val_mse=0.2299 | VRAM alloc=0.03 reserved=0.80 peak=0.80/15.93GB, smi_used=2.47GB
[12:22:30] GRU han/S01002/chl-a  23% ep=7/30 train_mse=0.4505 val_mse=0.2278 | VRAM alloc=0.03 reserved=0.80 peak=0.80/15.93GB, smi_used=2.49GB
[12:22:31] GRU han/S01002/chl-a  26% ep=8/30 train_mse=0.4421 val_mse=0.3059 | VRAM alloc=0.03 reserved=0.80 peak=0.80/15.93GB, smi_used=2.49GB
[VRAM-MON] VRAM alloc=0.03 reserved=0.80 peak=0.80/15.93GB, smi_used=2.49GB
[12:22:32] GRU han/S01002/chl-a  30% ep=9/30 train_mse=0.4323 val_mse=0.1890 | VRAM alloc=0.03 reserved=0.80 peak=0.80/15.93GB, smi_used=2.49GB
[12:22:33] GRU han/S01002/chl-a  33% ep=10/30 train_mse=0.4235 val_mse=0.1969 | VRAM alloc=0.03 reserved=0.80 peak=0.80/15.93GB, smi_used=2.49GB
[12:22:34] GRU han/S01002/chl-a  36% ep=11/30 train_mse=0.4179 val_mse=0.2113 | VRAM alloc=0.03 reserved=0.80 peak=0.80/15.93GB, smi_used=2.49GB
[12:22:35] GRU han/S01002/chl-a  40% ep=12/30 train_mse=0.4123 val_mse=0.2504 | VRAM alloc=0.03 reserved=0.80 peak=0.80/15.93GB, smi_used=2.51GB
[12:22:36] GRU han/S01002/chl-a  43% ep=13/30 train_mse=0.4096 val_mse=0.2080 | VRAM alloc=0.03 reserved=0.80 peak=0.80/15.93GB, smi_used=2.50GB
[12:22:37] GRU han/S01002/chl-a  46% ep=14/30 train_mse=0.4004 val_mse=0.2361 | VRAM alloc=0.03 reserved=0.80 peak=0.80/15.93GB, smi_used=2.47GB
[12:22:38] GRU han/S01002/chl-a  50% ep=15/30 train_mse=0.3941 val_mse=0.2273 | VRAM alloc=0.03 reserved=0.80 peak=0.80/15.93GB, smi_used=2.46GB
[12:22:38] GRU han/S01002/chl-a early stop @ep15 (best val_mse=0.1890)
[12:22:38] han/S01002/chl-a ▶ NSE(legacy)=0.567 NSE(obs)=0.560 RMSE=12.656
[12:22:38] GAIN 학습 시작 n=38840 dim=10 iters=3000 dev=cuda
[12:22:39] GAIN   5% it=150/3000 D=0.357 G_mse=0.0309 | VRAM alloc=0.02 reserved=0.80 peak=0.80/15.93GB, smi_used=2.46GB
[12:22:41] GAIN  15% it=450/3000 D=0.070 G_mse=0.0138 | VRAM alloc=0.02 reserved=0.80 peak=0.80/15.93GB, smi_used=2.47GB
[12:22:43] GAIN  25% it=750/3000 D=0.055 G_mse=0.0100 | VRAM alloc=0.02 reserved=0.80 peak=0.80/15.93GB, smi_used=2.47GB
[12:22:44] GAIN  35% it=1050/3000 D=0.064 G_mse=0.0070 | VRAM alloc=0.02 reserved=0.80 peak=0.80/15.93GB, smi_used=2.46GB
[12:22:46] GAIN  45% it=1350/3000 D=0.045 G_mse=0.0054 | VRAM alloc=0.02 reserved=0.80 peak=0.80/15.93GB, smi_used=2.47GB
[VRAM-MON] VRAM alloc=0.02 reserved=0.80 peak=0.80/15.93GB, smi_used=2.47GB
[12:22:48] GAIN  55% it=1650/3000 D=0.017 G_mse=0.0093 | VRAM alloc=0.02 reserved=0.80 peak=0.80/15.93GB, smi_used=2.47GB
[12:22:50] GAIN  65% it=1950/3000 D=0.021 G_mse=0.0040 | VRAM alloc=0.02 reserved=0.80 peak=0.80/15.93GB, smi_used=2.47GB
[12:22:51] GAIN  75% it=2250/3000 D=0.010 G_mse=0.0042 | VRAM alloc=0.02 reserved=0.80 peak=0.80/15.93GB, smi_used=2.47GB
[12:22:52] GAIN  85% it=2550/3000 D=0.015 G_mse=0.0034 | VRAM alloc=0.02 reserved=0.80 peak=0.80/15.93GB, smi_used=2.47GB
[12:22:53] GAIN  95% it=2850/3000 D=0.017 G_mse=0.0040 | VRAM alloc=0.02 reserved=0.80 peak=0.80/15.93GB, smi_used=2.46GB
[12:22:54] han/S01003/do 윈도우 tr=(3207, 240, 14) va=(217, 240, 14) te=(448, 240, 14)
[12:22:54] GRU 학습 han/S01003/do: epochs=30 batches/epoch=26 dev=cuda Xtr=(3207, 240, 14)
[12:22:55] GRU han/S01003/do   3% ep=1/30 train_mse=0.6188 val_mse=0.6624 | VRAM alloc=0.03 reserved=0.80 peak=0.80/15.93GB, smi_used=2.49GB
[12:22:56] GRU han/S01003/do   6% ep=2/30 train_mse=0.4439 val_mse=0.5490 | VRAM alloc=0.03 reserved=0.80 peak=0.80/15.93GB, smi_used=2.49GB
[12:22:57] GRU han/S01003/do  10% ep=3/30 train_mse=0.4253 val_mse=0.6290 | VRAM alloc=0.03 reserved=0.80 peak=0.80/15.93GB, smi_used=2.47GB
[12:22:58] GRU han/S01003/do  13% ep=4/30 train_mse=0.4198 val_mse=0.4530 | VRAM alloc=0.03 reserved=0.80 peak=0.80/15.93GB, smi_used=2.47GB
[12:22:59] GRU han/S01003/do  16% ep=5/30 train_mse=0.4123 val_mse=0.4787 | VRAM alloc=0.03 reserved=0.80 peak=0.80/15.93GB, smi_used=2.47GB
[12:23:00] GRU han/S01003/do  20% ep=6/30 train_mse=0.4117 val_mse=0.4927 | VRAM alloc=0.03 reserved=0.80 peak=0.80/15.93GB, smi_used=2.47GB
[12:23:01] GRU han/S01003/do  23% ep=7/30 train_mse=0.4034 val_mse=0.5517 | VRAM alloc=0.03 reserved=0.80 peak=0.80/15.93GB, smi_used=2.46GB
[12:23:02] GRU han/S01003/do  26% ep=8/30 train_mse=0.4005 val_mse=0.4971 | VRAM alloc=0.03 reserved=0.80 peak=0.80/15.93GB, smi_used=2.46GB
[VRAM-MON] VRAM alloc=0.67 reserved=0.80 peak=0.80/15.93GB, smi_used=2.46GB
[12:23:03] GRU han/S01003/do  30% ep=9/30 train_mse=0.3943 val_mse=0.4843 | VRAM alloc=0.03 reserved=0.80 peak=0.80/15.93GB, smi_used=2.46GB
[12:23:04] GRU han/S01003/do  33% ep=10/30 train_mse=0.3967 val_mse=0.4603 | VRAM alloc=0.03 reserved=0.80 peak=0.80/15.93GB, smi_used=2.46GB
[12:23:04] GRU han/S01003/do early stop @ep10 (best val_mse=0.4530)
[12:23:04] han/S01003/do ▶ NSE(legacy)=0.241 NSE(obs)=0.118 RMSE=1.836
[12:23:04] han/S01003/toc 윈도우 tr=(3207, 240, 14) va=(217, 240, 14) te=(448, 240, 14)
[12:23:04] GRU 학습 han/S01003/toc: epochs=30 batches/epoch=26 dev=cuda Xtr=(3207, 240, 14)
[12:23:05] GRU han/S01003/toc   3% ep=1/30 train_mse=0.5806 val_mse=0.5387 | VRAM alloc=0.03 reserved=0.80 peak=0.80/15.93GB, smi_used=2.46GB
[12:23:06] GRU han/S01003/toc   6% ep=2/30 train_mse=0.4179 val_mse=0.4893 | VRAM alloc=0.03 reserved=0.80 peak=0.80/15.93GB, smi_used=2.47GB
[12:23:07] GRU han/S01003/toc  10% ep=3/30 train_mse=0.4071 val_mse=0.4987 | VRAM alloc=0.03 reserved=0.80 peak=0.80/15.93GB, smi_used=2.47GB
[12:23:08] GRU han/S01003/toc  13% ep=4/30 train_mse=0.3997 val_mse=0.5165 | VRAM alloc=0.03 reserved=0.80 peak=0.80/15.93GB, smi_used=2.47GB
[12:23:09] GRU han/S01003/toc  16% ep=5/30 train_mse=0.3905 val_mse=0.4949 | VRAM alloc=0.03 reserved=0.80 peak=0.80/15.93GB, smi_used=2.46GB
[12:23:10] GRU han/S01003/toc  20% ep=6/30 train_mse=0.3876 val_mse=0.4828 | VRAM alloc=0.03 reserved=0.80 peak=0.80/15.93GB, smi_used=2.46GB
[12:23:11] GRU han/S01003/toc  23% ep=7/30 train_mse=0.3794 val_mse=0.4787 | VRAM alloc=0.03 reserved=0.80 peak=0.80/15.93GB, smi_used=2.47GB
[12:23:12] GRU han/S01003/toc  26% ep=8/30 train_mse=0.3763 val_mse=0.5242 | VRAM alloc=0.03 reserved=0.80 peak=0.80/15.93GB, smi_used=2.47GB
[12:23:12] GRU han/S01003/toc  30% ep=9/30 train_mse=0.3730 val_mse=0.5100 | VRAM alloc=0.03 reserved=0.80 peak=0.80/15.93GB, smi_used=2.47GB
[12:23:13] GRU han/S01003/toc  33% ep=10/30 train_mse=0.3716 val_mse=0.5317 | VRAM alloc=0.03 reserved=0.80 peak=0.80/15.93GB, smi_used=2.47GB
[12:23:14] GRU han/S01003/toc  36% ep=11/30 train_mse=0.3744 val_mse=0.5456 | VRAM alloc=0.03 reserved=0.80 peak=0.80/15.93GB, smi_used=2.47GB
[12:23:15] GRU han/S01003/toc  40% ep=12/30 train_mse=0.3675 val_mse=0.5401 | VRAM alloc=0.03 reserved=0.80 peak=0.80/15.93GB, smi_used=2.47GB
[12:23:16] GRU han/S01003/toc  43% ep=13/30 train_mse=0.3652 val_mse=0.5100 | VRAM alloc=0.03 reserved=0.80 peak=0.80/15.93GB, smi_used=2.47GB
[12:23:16] GRU han/S01003/toc early stop @ep13 (best val_mse=0.4787)
[12:23:16] han/S01003/toc ▶ NSE(legacy)=0.396 NSE(obs)=0.371 RMSE=0.458
[12:23:16] [skip] han/S01003/tn 타깃 관측 부족
[12:23:17] [skip] han/S01003/tp 타깃 관측 부족
[12:23:17] han/S01003/chl-a 윈도우 tr=(3207, 240, 14) va=(217, 240, 14) te=(448, 240, 14)
[12:23:17] GRU 학습 han/S01003/chl-a: epochs=30 batches/epoch=26 dev=cuda Xtr=(3207, 240, 14)
[VRAM-MON] VRAM alloc=0.03 reserved=0.80 peak=0.80/15.93GB, smi_used=2.47GB
[12:23:18] GRU han/S01003/chl-a   3% ep=1/30 train_mse=0.9826 val_mse=0.0426 | VRAM alloc=0.03 reserved=0.80 peak=0.80/15.93GB, smi_used=2.47GB
[12:23:19] GRU han/S01003/chl-a   6% ep=2/30 train_mse=0.9292 val_mse=0.0268 | VRAM alloc=0.03 reserved=0.80 peak=0.80/15.93GB, smi_used=2.46GB
[12:23:19] GRU han/S01003/chl-a  10% ep=3/30 train_mse=0.8808 val_mse=0.0423 | VRAM alloc=0.03 reserved=0.80 peak=0.80/15.93GB, smi_used=2.46GB
[12:23:20] GRU han/S01003/chl-a  13% ep=4/30 train_mse=0.8396 val_mse=0.0263 | VRAM alloc=0.03 reserved=0.80 peak=0.80/15.93GB, smi_used=2.47GB
[12:23:21] GRU han/S01003/chl-a  16% ep=5/30 train_mse=0.8037 val_mse=0.0272 | VRAM alloc=0.03 reserved=0.80 peak=0.80/15.93GB, smi_used=2.46GB
[12:23:22] GRU han/S01003/chl-a  20% ep=6/30 train_mse=0.7972 val_mse=0.0335 | VRAM alloc=0.03 reserved=0.80 peak=0.80/15.93GB, smi_used=2.46GB
[12:23:23] GRU han/S01003/chl-a  23% ep=7/30 train_mse=0.7803 val_mse=0.0297 | VRAM alloc=0.03 reserved=0.80 peak=0.80/15.93GB, smi_used=2.46GB
[12:23:24] GRU han/S01003/chl-a  26% ep=8/30 train_mse=0.7530 val_mse=0.0349 | VRAM alloc=0.03 reserved=0.80 peak=0.80/15.93GB, smi_used=2.46GB
[12:23:25] GRU han/S01003/chl-a  30% ep=9/30 train_mse=0.7688 val_mse=0.0348 | VRAM alloc=0.03 reserved=0.80 peak=0.80/15.93GB, smi_used=2.46GB
[12:23:26] GRU han/S01003/chl-a  33% ep=10/30 train_mse=0.7400 val_mse=0.0256 | VRAM alloc=0.03 reserved=0.80 peak=0.80/15.93GB, smi_used=2.46GB
[12:23:27] GRU han/S01003/chl-a  36% ep=11/30 train_mse=0.7155 val_mse=0.0279 | VRAM alloc=0.03 reserved=0.80 peak=0.80/15.93GB, smi_used=2.46GB
[12:23:28] GRU han/S01003/chl-a  40% ep=12/30 train_mse=0.7139 val_mse=0.0271 | VRAM alloc=0.03 reserved=0.80 peak=0.80/15.93GB, smi_used=2.46GB
[12:23:29] GRU han/S01003/chl-a  43% ep=13/30 train_mse=0.7122 val_mse=0.0277 | VRAM alloc=0.03 reserved=0.80 peak=0.80/15.93GB, smi_used=2.47GB
[12:23:30] GRU han/S01003/chl-a  46% ep=14/30 train_mse=0.7182 val_mse=0.0251 | VRAM alloc=0.03 reserved=0.80 peak=0.80/15.93GB, smi_used=2.47GB
[12:23:30] GRU han/S01003/chl-a  50% ep=15/30 train_mse=0.6989 val_mse=0.0240 | VRAM alloc=0.03 reserved=0.80 peak=0.80/15.93GB, smi_used=2.47GB
[12:23:31] GRU han/S01003/chl-a  53% ep=16/30 train_mse=0.6937 val_mse=0.0273 | VRAM alloc=0.03 reserved=0.80 peak=0.80/15.93GB, smi_used=2.49GB
[12:23:32] GRU han/S01003/chl-a  56% ep=17/30 train_mse=0.6967 val_mse=0.0260 | VRAM alloc=0.03 reserved=0.80 peak=0.80/15.93GB, smi_used=2.50GB
[VRAM-MON] VRAM alloc=0.03 reserved=0.80 peak=0.80/15.93GB, smi_used=2.50GB
[12:23:33] GRU han/S01003/chl-a  60% ep=18/30 train_mse=0.6946 val_mse=0.0281 | VRAM alloc=0.03 reserved=0.80 peak=0.80/15.93GB, smi_used=2.49GB
[12:23:34] GRU han/S01003/chl-a  63% ep=19/30 train_mse=0.7006 val_mse=0.0258 | VRAM alloc=0.03 reserved=0.80 peak=0.80/15.93GB, smi_used=2.49GB
[12:23:35] GRU han/S01003/chl-a  66% ep=20/30 train_mse=0.6900 val_mse=0.0243 | VRAM alloc=0.03 reserved=0.80 peak=0.80/15.93GB, smi_used=2.49GB
[12:23:36] GRU han/S01003/chl-a  70% ep=21/30 train_mse=0.6839 val_mse=0.0311 | VRAM alloc=0.03 reserved=0.80 peak=0.80/15.93GB, smi_used=2.46GB
[12:23:36] GRU han/S01003/chl-a early stop @ep21 (best val_mse=0.0240)
[12:23:36] han/S01003/chl-a ▶ NSE(legacy)=0.379 NSE(obs)=0.338 RMSE=42.390
[12:23:36] GAIN 학습 시작 n=38840 dim=10 iters=3000 dev=cuda
[12:23:37] GAIN   5% it=150/3000 D=0.162 G_mse=0.0234 | VRAM alloc=0.02 reserved=0.80 peak=0.80/15.93GB, smi_used=2.46GB
[12:23:38] GAIN  15% it=450/3000 D=0.048 G_mse=0.0069 | VRAM alloc=0.02 reserved=0.80 peak=0.80/15.93GB, smi_used=2.50GB
[12:23:40] GAIN  25% it=750/3000 D=0.036 G_mse=0.0058 | VRAM alloc=0.02 reserved=0.80 peak=0.80/15.93GB, smi_used=2.49GB
[12:23:41] GAIN  35% it=1050/3000 D=0.029 G_mse=0.0069 | VRAM alloc=0.02 reserved=0.80 peak=0.80/15.93GB, smi_used=2.49GB
[12:23:43] GAIN  45% it=1350/3000 D=0.022 G_mse=0.0067 | VRAM alloc=0.02 reserved=0.80 peak=0.80/15.93GB, smi_used=2.47GB
[12:23:44] GAIN  55% it=1650/3000 D=0.026 G_mse=0.0047 | VRAM alloc=0.02 reserved=0.80 peak=0.80/15.93GB, smi_used=2.47GB
[12:23:45] GAIN  65% it=1950/3000 D=0.035 G_mse=0.0026 | VRAM alloc=0.02 reserved=0.80 peak=0.80/15.93GB, smi_used=2.47GB
[12:23:47] GAIN  75% it=2250/3000 D=0.021 G_mse=0.0014 | VRAM alloc=0.02 reserved=0.80 peak=0.80/15.93GB, smi_used=2.47GB
[VRAM-MON] VRAM alloc=0.02 reserved=0.80 peak=0.80/15.93GB, smi_used=2.47GB
[12:23:48] GAIN  85% it=2550/3000 D=0.031 G_mse=0.0014 | VRAM alloc=0.02 reserved=0.80 peak=0.80/15.93GB, smi_used=2.47GB
[12:23:50] GAIN  95% it=2850/3000 D=0.027 G_mse=0.0014 | VRAM alloc=0.02 reserved=0.80 peak=0.80/15.93GB, smi_used=2.47GB
[12:23:50] han/S01004/do 윈도우 tr=(3207, 240, 14) va=(217, 240, 14) te=(448, 240, 14)
[12:23:50] GRU 학습 han/S01004/do: epochs=30 batches/epoch=26 dev=cuda Xtr=(3207, 240, 14)
[12:23:51] GRU han/S01004/do   3% ep=1/30 train_mse=0.5696 val_mse=0.3486 | VRAM alloc=0.03 reserved=0.80 peak=0.80/15.93GB, smi_used=2.47GB
[12:23:52] GRU han/S01004/do   6% ep=2/30 train_mse=0.4083 val_mse=0.3698 | VRAM alloc=0.03 reserved=0.80 peak=0.80/15.93GB, smi_used=2.47GB
[12:23:53] GRU han/S01004/do  10% ep=3/30 train_mse=0.3895 val_mse=0.3477 | VRAM alloc=0.03 reserved=0.80 peak=0.80/15.93GB, smi_used=2.46GB
[12:23:54] GRU han/S01004/do  13% ep=4/30 train_mse=0.3756 val_mse=0.3395 | VRAM alloc=0.03 reserved=0.80 peak=0.80/15.93GB, smi_used=2.47GB
[12:23:55] GRU han/S01004/do  16% ep=5/30 train_mse=0.3652 val_mse=0.3738 | VRAM alloc=0.03 reserved=0.80 peak=0.80/15.93GB, smi_used=2.47GB
[12:23:56] GRU han/S01004/do  20% ep=6/30 train_mse=0.3578 val_mse=0.3199 | VRAM alloc=0.03 reserved=0.80 peak=0.80/15.93GB, smi_used=2.47GB
[12:23:57] GRU han/S01004/do  23% ep=7/30 train_mse=0.3544 val_mse=0.3477 | VRAM alloc=0.03 reserved=0.80 peak=0.80/15.93GB, smi_used=2.47GB
[12:23:58] GRU han/S01004/do  26% ep=8/30 train_mse=0.3486 val_mse=0.3219 | VRAM alloc=0.03 reserved=0.80 peak=0.80/15.93GB, smi_used=2.47GB
[12:23:59] GRU han/S01004/do  30% ep=9/30 train_mse=0.3402 val_mse=0.3241 | VRAM alloc=0.03 reserved=0.80 peak=0.80/15.93GB, smi_used=2.47GB
[12:24:00] GRU han/S01004/do  33% ep=10/30 train_mse=0.3470 val_mse=0.3298 | VRAM alloc=0.03 reserved=0.80 peak=0.80/15.93GB, smi_used=2.46GB
[12:24:01] GRU han/S01004/do  36% ep=11/30 train_mse=0.3392 val_mse=0.3783 | VRAM alloc=0.03 reserved=0.80 peak=0.80/15.93GB, smi_used=2.46GB
[12:24:02] GRU han/S01004/do  40% ep=12/30 train_mse=0.3485 val_mse=0.3242 | VRAM alloc=0.03 reserved=0.80 peak=0.80/15.93GB, smi_used=2.46GB
[12:24:02] GRU han/S01004/do early stop @ep12 (best val_mse=0.3199)
[12:24:02] han/S01004/do ▶ NSE(legacy)=0.602 NSE(obs)=0.474 RMSE=1.702
[12:24:02] han/S01004/toc 윈도우 tr=(3207, 240, 14) va=(217, 240, 14) te=(448, 240, 14)
[12:24:02] GRU 학습 han/S01004/toc: epochs=30 batches/epoch=26 dev=cuda Xtr=(3207, 240, 14)
[12:24:03] GRU han/S01004/toc   3% ep=1/30 train_mse=0.6571 val_mse=0.8226 | VRAM alloc=0.03 reserved=0.80 peak=0.80/15.93GB, smi_used=2.46GB
[VRAM-MON] VRAM alloc=0.61 reserved=0.80 peak=0.80/15.93GB, smi_used=2.46GB
[12:24:04] GRU han/S01004/toc   6% ep=2/30 train_mse=0.5122 val_mse=0.8126 | VRAM alloc=0.03 reserved=0.80 peak=0.80/15.93GB, smi_used=2.46GB
[12:24:05] GRU han/S01004/toc  10% ep=3/30 train_mse=0.4935 val_mse=0.8251 | VRAM alloc=0.03 reserved=0.80 peak=0.80/15.93GB, smi_used=2.46GB
[12:24:05] GRU han/S01004/toc  13% ep=4/30 train_mse=0.4878 val_mse=0.8048 | VRAM alloc=0.03 reserved=0.80 peak=0.80/15.93GB, smi_used=2.46GB
[12:24:06] GRU han/S01004/toc  16% ep=5/30 train_mse=0.4854 val_mse=0.7889 | VRAM alloc=0.03 reserved=0.80 peak=0.80/15.93GB, smi_used=2.46GB
[12:24:07] GRU han/S01004/toc  20% ep=6/30 train_mse=0.4701 val_mse=0.7748 | VRAM alloc=0.03 reserved=0.80 peak=0.80/15.93GB, smi_used=2.46GB
[12:24:08] GRU han/S01004/toc  23% ep=7/30 train_mse=0.4795 val_mse=0.7610 | VRAM alloc=0.03 reserved=0.80 peak=0.80/15.93GB, smi_used=2.47GB
[12:24:09] GRU han/S01004/toc  26% ep=8/30 train_mse=0.4677 val_mse=0.7957 | VRAM alloc=0.03 reserved=0.80 peak=0.80/15.93GB, smi_used=2.47GB
[12:24:10] GRU han/S01004/toc  30% ep=9/30 train_mse=0.4590 val_mse=0.7878 | VRAM alloc=0.03 reserved=0.80 peak=0.80/15.93GB, smi_used=2.47GB
[12:24:11] GRU han/S01004/toc  33% ep=10/30 train_mse=0.4544 val_mse=0.7716 | VRAM alloc=0.03 reserved=0.80 peak=0.80/15.93GB, smi_used=2.47GB
[12:24:12] GRU han/S01004/toc  36% ep=11/30 train_mse=0.4591 val_mse=0.7788 | VRAM alloc=0.03 reserved=0.80 peak=0.80/15.93GB, smi_used=2.47GB
[12:24:13] GRU han/S01004/toc  40% ep=12/30 train_mse=0.4500 val_mse=0.7736 | VRAM alloc=0.03 reserved=0.80 peak=0.80/15.93GB, smi_used=2.47GB
[12:24:14] GRU han/S01004/toc  43% ep=13/30 train_mse=0.4483 val_mse=0.7798 | VRAM alloc=0.03 reserved=0.80 peak=0.80/15.93GB, smi_used=2.49GB
[12:24:14] GRU han/S01004/toc early stop @ep13 (best val_mse=0.7610)
[12:24:14] han/S01004/toc ▶ NSE(legacy)=0.127 NSE(obs)=-0.043 RMSE=0.400
[12:24:14] [skip] han/S01004/tn 타깃 관측 부족
[12:24:14] [skip] han/S01004/tp 타깃 관측 부족
[12:24:14] [skip] han/S01004/chl-a 타깃 관측 부족
[12:24:14] GAIN 학습 시작 n=38840 dim=10 iters=3000 dev=cuda
[12:24:15] GAIN   5% it=150/3000 D=0.258 G_mse=0.0198 | VRAM alloc=0.02 reserved=0.80 peak=0.80/15.93GB, smi_used=2.49GB
[12:24:16] GAIN  15% it=450/3000 D=0.193 G_mse=0.0147 | VRAM alloc=0.02 reserved=0.80 peak=0.80/15.93GB, smi_used=2.46GB
[12:24:18] GAIN  25% it=750/3000 D=0.105 G_mse=0.0068 | VRAM alloc=0.02 reserved=0.80 peak=0.80/15.93GB, smi_used=2.46GB
[VRAM-MON] VRAM alloc=0.02 reserved=0.80 peak=0.80/15.93GB, smi_used=2.46GB
[12:24:19] GAIN  35% it=1050/3000 D=0.067 G_mse=0.0039 | VRAM alloc=0.02 reserved=0.80 peak=0.80/15.93GB, smi_used=2.47GB
[12:24:20] GAIN  45% it=1350/3000 D=0.055 G_mse=0.0039 | VRAM alloc=0.02 reserved=0.80 peak=0.80/15.93GB, smi_used=2.47GB
[12:24:22] GAIN  55% it=1650/3000 D=0.057 G_mse=0.0028 | VRAM alloc=0.02 reserved=0.80 peak=0.80/15.93GB, smi_used=2.46GB
[12:24:23] GAIN  65% it=1950/3000 D=0.048 G_mse=0.0020 | VRAM alloc=0.02 reserved=0.80 peak=0.80/15.93GB, smi_used=2.46GB
[12:24:24] GAIN  75% it=2250/3000 D=0.048 G_mse=0.0019 | VRAM alloc=0.02 reserved=0.80 peak=0.80/15.93GB, smi_used=2.50GB
[12:24:26] GAIN  85% it=2550/3000 D=0.039 G_mse=0.0014 | VRAM alloc=0.02 reserved=0.80 peak=0.80/15.93GB, smi_used=2.47GB
[12:24:27] GAIN  95% it=2850/3000 D=0.028 G_mse=0.0011 | VRAM alloc=0.02 reserved=0.80 peak=0.80/15.93GB, smi_used=2.47GB
[12:24:28] han/S01005/do 윈도우 tr=(3207, 240, 14) va=(217, 240, 14) te=(448, 240, 14)
[12:24:28] GRU 학습 han/S01005/do: epochs=30 batches/epoch=26 dev=cuda Xtr=(3207, 240, 14)
[12:24:29] GRU han/S01005/do   3% ep=1/30 train_mse=0.7109 val_mse=0.5257 | VRAM alloc=0.03 reserved=0.80 peak=0.80/15.93GB, smi_used=2.47GB
[12:24:30] GRU han/S01005/do   6% ep=2/30 train_mse=0.5542 val_mse=0.4578 | VRAM alloc=0.03 reserved=0.80 peak=0.80/15.93GB, smi_used=2.47GB
[12:24:31] GRU han/S01005/do  10% ep=3/30 train_mse=0.5378 val_mse=0.4526 | VRAM alloc=0.03 reserved=0.80 peak=0.80/15.93GB, smi_used=2.47GB
[12:24:32] GRU han/S01005/do  13% ep=4/30 train_mse=0.5205 val_mse=0.4841 | VRAM alloc=0.03 reserved=0.80 peak=0.80/15.93GB, smi_used=2.46GB
[12:24:33] GRU han/S01005/do  16% ep=5/30 train_mse=0.5162 val_mse=0.4878 | VRAM alloc=0.03 reserved=0.80 peak=0.80/15.93GB, smi_used=2.46GB
[VRAM-MON] VRAM alloc=0.67 reserved=0.80 peak=0.80/15.93GB, smi_used=2.46GB
[12:24:34] GRU han/S01005/do  20% ep=6/30 train_mse=0.5048 val_mse=0.4420 | VRAM alloc=0.03 reserved=0.80 peak=0.80/15.93GB, smi_used=2.47GB
[12:24:35] GRU han/S01005/do  23% ep=7/30 train_mse=0.5041 val_mse=0.4576 | VRAM alloc=0.03 reserved=0.80 peak=0.80/15.93GB, smi_used=2.47GB
[12:24:36] GRU han/S01005/do  26% ep=8/30 train_mse=0.5002 val_mse=0.4533 | VRAM alloc=0.03 reserved=0.80 peak=0.80/15.93GB, smi_used=2.47GB
[12:24:37] GRU han/S01005/do  30% ep=9/30 train_mse=0.4905 val_mse=0.4604 | VRAM alloc=0.03 reserved=0.80 peak=0.80/15.93GB, smi_used=2.47GB
[12:24:38] GRU han/S01005/do  33% ep=10/30 train_mse=0.4909 val_mse=0.4404 | VRAM alloc=0.03 reserved=0.80 peak=0.80/15.93GB, smi_used=2.46GB
[12:24:39] GRU han/S01005/do  36% ep=11/30 train_mse=0.4807 val_mse=0.4534 | VRAM alloc=0.03 reserved=0.80 peak=0.80/15.93GB, smi_used=2.46GB
[12:24:40] GRU han/S01005/do  40% ep=12/30 train_mse=0.4698 val_mse=0.4560 | VRAM alloc=0.03 reserved=0.80 peak=0.80/15.93GB, smi_used=2.47GB
[12:24:41] GRU han/S01005/do  43% ep=13/30 train_mse=0.4667 val_mse=0.4494 | VRAM alloc=0.03 reserved=0.80 peak=0.80/15.93GB, smi_used=2.47GB
[12:24:41] GRU han/S01005/do  46% ep=14/30 train_mse=0.4695 val_mse=0.4572 | VRAM alloc=0.03 reserved=0.80 peak=0.80/15.93GB, smi_used=2.46GB
[12:24:42] GRU han/S01005/do  50% ep=15/30 train_mse=0.4589 val_mse=0.4457 | VRAM alloc=0.03 reserved=0.80 peak=0.80/15.93GB, smi_used=2.46GB
[12:24:43] GRU han/S01005/do  53% ep=16/30 train_mse=0.4494 val_mse=0.4414 | VRAM alloc=0.03 reserved=0.80 peak=0.80/15.93GB, smi_used=2.46GB
[12:24:43] GRU han/S01005/do early stop @ep16 (best val_mse=0.4404)
[12:24:43] han/S01005/do ▶ NSE(legacy)=0.280 NSE(obs)=0.636 RMSE=2.297
[12:24:43] han/S01005/toc 윈도우 tr=(3207, 240, 14) va=(217, 240, 14) te=(448, 240, 14)
[12:24:43] GRU 학습 han/S01005/toc: epochs=30 batches/epoch=26 dev=cuda Xtr=(3207, 240, 14)
[12:24:44] GRU han/S01005/toc   3% ep=1/30 train_mse=0.7395 val_mse=1.0168 | VRAM alloc=0.03 reserved=0.80 peak=0.80/15.93GB, smi_used=2.47GB
[12:24:45] GRU han/S01005/toc   6% ep=2/30 train_mse=0.6184 val_mse=1.0468 | VRAM alloc=0.03 reserved=0.80 peak=0.80/15.93GB, smi_used=2.47GB
[12:24:46] GRU han/S01005/toc  10% ep=3/30 train_mse=0.6025 val_mse=1.0213 | VRAM alloc=0.03 reserved=0.80 peak=0.80/15.93GB, smi_used=2.46GB
[12:24:47] GRU han/S01005/toc  13% ep=4/30 train_mse=0.5874 val_mse=1.0692 | VRAM alloc=0.03 reserved=0.80 peak=0.80/15.93GB, smi_used=2.46GB
[VRAM-MON] VRAM alloc=0.03 reserved=0.80 peak=0.80/15.93GB, smi_used=2.46GB
[12:24:48] GRU han/S01005/toc  16% ep=5/30 train_mse=0.5654 val_mse=1.0759 | VRAM alloc=0.03 reserved=0.80 peak=0.80/15.93GB, smi_used=2.46GB
[12:24:49] GRU han/S01005/toc  20% ep=6/30 train_mse=0.5505 val_mse=1.0175 | VRAM alloc=0.03 reserved=0.80 peak=0.80/15.93GB, smi_used=2.47GB
[12:24:50] GRU han/S01005/toc  23% ep=7/30 train_mse=0.5497 val_mse=1.0853 | VRAM alloc=0.03 reserved=0.80 peak=0.80/15.93GB, smi_used=2.47GB
[12:24:50] GRU han/S01005/toc early stop @ep7 (best val_mse=1.0168)
[12:24:50] han/S01005/toc ▶ NSE(legacy)=0.090 NSE(obs)=-0.298 RMSE=0.616
[12:24:50] han/S01005/tn 윈도우 tr=(3207, 240, 14) va=(217, 240, 14) te=(448, 240, 14)
[12:24:50] GRU 학습 han/S01005/tn: epochs=30 batches/epoch=26 dev=cuda Xtr=(3207, 240, 14)
[12:24:51] GRU han/S01005/tn   3% ep=1/30 train_mse=0.6772 val_mse=0.9398 | VRAM alloc=0.03 reserved=0.80 peak=0.80/15.93GB, smi_used=2.47GB
[12:24:52] GRU han/S01005/tn   6% ep=2/30 train_mse=0.5244 val_mse=0.9708 | VRAM alloc=0.03 reserved=0.80 peak=0.80/15.93GB, smi_used=2.47GB
[12:24:53] GRU han/S01005/tn  10% ep=3/30 train_mse=0.5156 val_mse=0.9801 | VRAM alloc=0.03 reserved=0.80 peak=0.80/15.93GB, smi_used=2.46GB
[12:24:54] GRU han/S01005/tn  13% ep=4/30 train_mse=0.5009 val_mse=0.9895 | VRAM alloc=0.03 reserved=0.80 peak=0.80/15.93GB, smi_used=2.46GB
[12:24:55] GRU han/S01005/tn  16% ep=5/30 train_mse=0.4875 val_mse=0.9734 | VRAM alloc=0.03 reserved=0.80 peak=0.80/15.93GB, smi_used=2.46GB
[12:24:56] GRU han/S01005/tn  20% ep=6/30 train_mse=0.4791 val_mse=0.9540 | VRAM alloc=0.03 reserved=0.80 peak=0.80/15.93GB, smi_used=2.46GB
[12:24:56] GRU han/S01005/tn  23% ep=7/30 train_mse=0.4697 val_mse=0.9757 | VRAM alloc=0.03 reserved=0.80 peak=0.80/15.93GB, smi_used=2.46GB
[12:24:56] GRU han/S01005/tn early stop @ep7 (best val_mse=0.9398)
[12:24:56] han/S01005/tn ▶ NSE(legacy)=0.172 NSE(obs)=-0.994 RMSE=0.707
[12:24:57] han/S01005/tp 윈도우 tr=(3207, 240, 14) va=(217, 240, 14) te=(448, 240, 14)
[12:24:57] GRU 학습 han/S01005/tp: epochs=30 batches/epoch=26 dev=cuda Xtr=(3207, 240, 14)
[12:24:58] GRU han/S01005/tp   3% ep=1/30 train_mse=0.6619 val_mse=0.9895 | VRAM alloc=0.03 reserved=0.80 peak=0.80/15.93GB, smi_used=2.46GB
[12:24:59] GRU han/S01005/tp   6% ep=2/30 train_mse=0.5330 val_mse=0.9846 | VRAM alloc=0.03 reserved=0.80 peak=0.80/15.93GB, smi_used=2.46GB
[12:24:59] GRU han/S01005/tp  10% ep=3/30 train_mse=0.5210 val_mse=1.0180 | VRAM alloc=0.03 reserved=0.80 peak=0.80/15.93GB, smi_used=2.46GB
[12:25:00] GRU han/S01005/tp  13% ep=4/30 train_mse=0.5059 val_mse=1.0424 | VRAM alloc=0.03 reserved=0.80 peak=0.80/15.93GB, smi_used=2.46GB
[12:25:01] GRU han/S01005/tp  16% ep=5/30 train_mse=0.5087 val_mse=0.9942 | VRAM alloc=0.03 reserved=0.80 peak=0.80/15.93GB, smi_used=2.46GB
[12:25:02] GRU han/S01005/tp  20% ep=6/30 train_mse=0.5049 val_mse=1.0473 | VRAM alloc=0.03 reserved=0.80 peak=0.80/15.93GB, smi_used=2.46GB
[12:25:03] GRU han/S01005/tp  23% ep=7/30 train_mse=0.4895 val_mse=1.0570 | VRAM alloc=0.03 reserved=0.80 peak=0.80/15.93GB, smi_used=2.46GB
[VRAM-MON] VRAM alloc=0.61 reserved=0.80 peak=0.80/15.93GB, smi_used=2.46GB
[12:25:04] GRU han/S01005/tp  26% ep=8/30 train_mse=0.4784 val_mse=1.0634 | VRAM alloc=0.03 reserved=0.80 peak=0.80/15.93GB, smi_used=2.46GB
[12:25:04] GRU han/S01005/tp early stop @ep8 (best val_mse=0.9846)
[12:25:04] han/S01005/tp ▶ NSE(legacy)=0.175 NSE(obs)=0.106 RMSE=0.018
[12:25:04] han/S01005/chl-a 윈도우 tr=(3207, 240, 14) va=(217, 240, 14) te=(448, 240, 14)
[12:25:04] GRU 학습 han/S01005/chl-a: epochs=30 batches/epoch=26 dev=cuda Xtr=(3207, 240, 14)
[12:25:05] GRU han/S01005/chl-a   3% ep=1/30 train_mse=0.7285 val_mse=0.4779 | VRAM alloc=0.03 reserved=0.80 peak=0.80/15.93GB, smi_used=2.46GB
[12:25:06] GRU han/S01005/chl-a   6% ep=2/30 train_mse=0.5403 val_mse=0.4934 | VRAM alloc=0.03 reserved=0.80 peak=0.80/15.93GB, smi_used=2.46GB
[12:25:07] GRU han/S01005/chl-a  10% ep=3/30 train_mse=0.5287 val_mse=0.4752 | VRAM alloc=0.03 reserved=0.80 peak=0.80/15.93GB, smi_used=2.46GB
[12:25:08] GRU han/S01005/chl-a  13% ep=4/30 train_mse=0.5126 val_mse=0.4952 | VRAM alloc=0.03 reserved=0.80 peak=0.80/15.93GB, smi_used=2.46GB
[12:25:09] GRU han/S01005/chl-a  16% ep=5/30 train_mse=0.5039 val_mse=0.5075 | VRAM alloc=0.03 reserved=0.80 peak=0.80/15.93GB, smi_used=2.46GB
[12:25:10] GRU han/S01005/chl-a  20% ep=6/30 train_mse=0.4960 val_mse=0.4922 | VRAM alloc=0.03 reserved=0.80 peak=0.80/15.93GB, smi_used=2.46GB
[12:25:11] GRU han/S01005/chl-a  23% ep=7/30 train_mse=0.4854 val_mse=0.5239 | VRAM alloc=0.03 reserved=0.80 peak=0.80/15.93GB, smi_used=2.46GB
[12:25:11] GRU han/S01005/chl-a  26% ep=8/30 train_mse=0.4957 val_mse=0.5134 | VRAM alloc=0.03 reserved=0.80 peak=0.80/15.93GB, smi_used=2.46GB
[12:25:12] GRU han/S01005/chl-a  30% ep=9/30 train_mse=0.4636 val_mse=0.5174 | VRAM alloc=0.03 reserved=0.80 peak=0.80/15.93GB, smi_used=2.46GB
[12:25:12] GRU han/S01005/chl-a early stop @ep9 (best val_mse=0.4752)
[12:25:12] han/S01005/chl-a ▶ NSE(legacy)=0.267 NSE(obs)=0.296 RMSE=4.516
[12:25:12] GAIN 학습 시작 n=38304 dim=10 iters=3000 dev=cuda
[12:25:13] GAIN   5% it=150/3000 D=0.207 G_mse=0.0322 | VRAM alloc=0.02 reserved=0.80 peak=0.80/15.93GB, smi_used=2.46GB
[12:25:15] GAIN  15% it=450/3000 D=0.075 G_mse=0.0184 | VRAM alloc=0.02 reserved=0.80 peak=0.80/15.93GB, smi_used=2.47GB
[12:25:16] GAIN  25% it=750/3000 D=0.061 G_mse=0.0130 | VRAM alloc=0.02 reserved=0.80 peak=0.80/15.93GB, smi_used=2.47GB
[12:25:18] GAIN  35% it=1050/3000 D=0.050 G_mse=0.0052 | VRAM alloc=0.02 reserved=0.80 peak=0.80/15.93GB, smi_used=2.46GB
[VRAM-MON] VRAM alloc=0.02 reserved=0.80 peak=0.80/15.93GB, smi_used=2.46GB
[12:25:19] GAIN  45% it=1350/3000 D=0.037 G_mse=0.0047 | VRAM alloc=0.02 reserved=0.80 peak=0.80/15.93GB, smi_used=2.46GB
[12:25:21] GAIN  55% it=1650/3000 D=0.018 G_mse=0.0029 | VRAM alloc=0.02 reserved=0.80 peak=0.80/15.93GB, smi_used=2.47GB
[12:25:22] GAIN  65% it=1950/3000 D=0.037 G_mse=0.0039 | VRAM alloc=0.02 reserved=0.80 peak=0.80/15.93GB, smi_used=2.47GB
[12:25:24] GAIN  75% it=2250/3000 D=0.010 G_mse=0.0019 | VRAM alloc=0.02 reserved=0.80 peak=0.80/15.93GB, smi_used=2.47GB
[12:25:25] GAIN  85% it=2550/3000 D=0.018 G_mse=0.0020 | VRAM alloc=0.02 reserved=0.80 peak=0.80/15.93GB, smi_used=2.47GB
[12:25:27] GAIN  95% it=2850/3000 D=0.018 G_mse=0.0020 | VRAM alloc=0.02 reserved=0.80 peak=0.80/15.93GB, smi_used=2.47GB
[12:25:28] han/S01006/do 윈도우 tr=(3163, 240, 14) va=(214, 240, 14) te=(442, 240, 14)
[12:25:28] GRU 학습 han/S01006/do: epochs=30 batches/epoch=25 dev=cuda Xtr=(3163, 240, 14)
[12:25:29] GRU han/S01006/do   3% ep=1/30 train_mse=0.7330 val_mse=0.5164 | VRAM alloc=0.03 reserved=0.80 peak=0.80/15.93GB, smi_used=2.46GB
[12:25:29] GRU han/S01006/do   6% ep=2/30 train_mse=0.5788 val_mse=0.4700 | VRAM alloc=0.03 reserved=0.80 peak=0.80/15.93GB, smi_used=2.47GB
[12:25:30] GRU han/S01006/do  10% ep=3/30 train_mse=0.5527 val_mse=0.4458 | VRAM alloc=0.03 reserved=0.80 peak=0.80/15.93GB, smi_used=2.50GB
[12:25:31] GRU han/S01006/do  13% ep=4/30 train_mse=0.5314 val_mse=0.4691 | VRAM alloc=0.03 reserved=0.80 peak=0.80/15.93GB, smi_used=2.50GB
[12:25:32] GRU han/S01006/do  16% ep=5/30 train_mse=0.5117 val_mse=0.4536 | VRAM alloc=0.03 reserved=0.80 peak=0.80/15.93GB, smi_used=2.50GB
[12:25:33] GRU han/S01006/do  20% ep=6/30 train_mse=0.4993 val_mse=0.4283 | VRAM alloc=0.03 reserved=0.80 peak=0.80/15.93GB, smi_used=2.49GB
[VRAM-MON] VRAM alloc=0.61 reserved=0.80 peak=0.80/15.93GB, smi_used=2.49GB
[12:25:34] GRU han/S01006/do  23% ep=7/30 train_mse=0.4905 val_mse=0.4287 | VRAM alloc=0.03 reserved=0.80 peak=0.80/15.93GB, smi_used=2.49GB
[12:25:35] GRU han/S01006/do  26% ep=8/30 train_mse=0.4904 val_mse=0.4678 | VRAM alloc=0.03 reserved=0.80 peak=0.80/15.93GB, smi_used=2.47GB
[12:25:36] GRU han/S01006/do  30% ep=9/30 train_mse=0.4828 val_mse=0.4413 | VRAM alloc=0.03 reserved=0.80 peak=0.80/15.93GB, smi_used=2.47GB
[12:25:37] GRU han/S01006/do  33% ep=10/30 train_mse=0.4745 val_mse=0.4476 | VRAM alloc=0.03 reserved=0.80 peak=0.80/15.93GB, smi_used=2.47GB
[12:25:38] GRU han/S01006/do  36% ep=11/30 train_mse=0.4707 val_mse=0.4477 | VRAM alloc=0.03 reserved=0.80 peak=0.80/15.93GB, smi_used=2.47GB
[12:25:38] GRU han/S01006/do  40% ep=12/30 train_mse=0.4697 val_mse=0.4458 | VRAM alloc=0.03 reserved=0.80 peak=0.80/15.93GB, smi_used=2.47GB
[12:25:38] GRU han/S01006/do early stop @ep12 (best val_mse=0.4283)
[12:25:38] han/S01006/do ▶ NSE(legacy)=0.146 NSE(obs)=-0.170 RMSE=1.731
[12:25:39] han/S01006/toc 윈도우 tr=(3163, 240, 14) va=(214, 240, 14) te=(442, 240, 14)
[12:25:39] GRU 학습 han/S01006/toc: epochs=30 batches/epoch=25 dev=cuda Xtr=(3163, 240, 14)
[12:25:40] GRU han/S01006/toc   3% ep=1/30 train_mse=0.7484 val_mse=0.8255 | VRAM alloc=0.03 reserved=0.80 peak=0.80/15.93GB, smi_used=2.46GB
[12:25:40] GRU han/S01006/toc   6% ep=2/30 train_mse=0.6339 val_mse=0.7859 | VRAM alloc=0.03 reserved=0.80 peak=0.80/15.93GB, smi_used=2.49GB
[12:25:41] GRU han/S01006/toc  10% ep=3/30 train_mse=0.6192 val_mse=0.7851 | VRAM alloc=0.03 reserved=0.80 peak=0.80/15.93GB, smi_used=2.49GB
[12:25:42] GRU han/S01006/toc  13% ep=4/30 train_mse=0.6061 val_mse=0.7334 | VRAM alloc=0.03 reserved=0.80 peak=0.80/15.93GB, smi_used=2.49GB
[12:25:43] GRU han/S01006/toc  16% ep=5/30 train_mse=0.5979 val_mse=0.7588 | VRAM alloc=0.03 reserved=0.80 peak=0.80/15.93GB, smi_used=2.47GB
[12:25:44] GRU han/S01006/toc  20% ep=6/30 train_mse=0.5879 val_mse=0.7324 | VRAM alloc=0.03 reserved=0.80 peak=0.80/15.93GB, smi_used=2.46GB
[12:25:45] GRU han/S01006/toc  23% ep=7/30 train_mse=0.5780 val_mse=0.7631 | VRAM alloc=0.03 reserved=0.80 peak=0.80/15.93GB, smi_used=2.46GB
[12:25:46] GRU han/S01006/toc  26% ep=8/30 train_mse=0.5674 val_mse=0.7855 | VRAM alloc=0.03 reserved=0.80 peak=0.80/15.93GB, smi_used=2.46GB
[12:25:47] GRU han/S01006/toc  30% ep=9/30 train_mse=0.5636 val_mse=0.7616 | VRAM alloc=0.03 reserved=0.80 peak=0.80/15.93GB, smi_used=2.46GB
[12:25:48] GRU han/S01006/toc  33% ep=10/30 train_mse=0.5675 val_mse=0.7786 | VRAM alloc=0.03 reserved=0.80 peak=0.80/15.93GB, smi_used=2.46GB
[12:25:48] GRU han/S01006/toc  36% ep=11/30 train_mse=0.5619 val_mse=0.8540 | VRAM alloc=0.03 reserved=0.80 peak=0.80/15.93GB, smi_used=2.46GB
[VRAM-MON] VRAM alloc=0.61 reserved=0.80 peak=0.80/15.93GB, smi_used=2.46GB
[12:25:49] GRU han/S01006/toc  40% ep=12/30 train_mse=0.5522 val_mse=0.8376 | VRAM alloc=0.03 reserved=0.80 peak=0.80/15.93GB, smi_used=2.46GB
[12:25:49] GRU han/S01006/toc early stop @ep12 (best val_mse=0.7324)
[12:25:49] han/S01006/toc ▶ NSE(legacy)=0.032 NSE(obs)=-0.267 RMSE=0.664
[12:25:49] [skip] han/S01006/tn 타깃 관측 부족
[12:25:49] [skip] han/S01006/tp 타깃 관측 부족
[12:25:50] [skip] han/S01006/chl-a 타깃 관측 부족
[12:25:50] GAIN 학습 시작 n=38712 dim=10 iters=3000 dev=cuda
[12:25:50] GAIN   5% it=150/3000 D=0.263 G_mse=0.0351 | VRAM alloc=0.02 reserved=0.80 peak=0.80/15.93GB, smi_used=2.46GB
[12:25:52] GAIN  15% it=450/3000 D=0.102 G_mse=0.0365 | VRAM alloc=0.02 reserved=0.80 peak=0.80/15.93GB, smi_used=2.47GB
[12:25:53] GAIN  25% it=750/3000 D=0.055 G_mse=0.0307 | VRAM alloc=0.02 reserved=0.80 peak=0.80/15.93GB, smi_used=2.49GB
[12:25:54] GAIN  35% it=1050/3000 D=0.060 G_mse=0.0122 | VRAM alloc=0.02 reserved=0.80 peak=0.80/15.93GB, smi_used=2.49GB
[12:25:55] GAIN  45% it=1350/3000 D=0.054 G_mse=0.0099 | VRAM alloc=0.02 reserved=0.80 peak=0.80/15.93GB, smi_used=2.48GB
[12:25:57] GAIN  55% it=1650/3000 D=0.064 G_mse=0.0065 | VRAM alloc=0.02 reserved=0.80 peak=0.80/15.93GB, smi_used=2.48GB
