[18:57:40] [do] 어댑터 로드 models\chronos_lora512_do\finetuned-ckpt | VRAM alloc=0.45 reserved=0.48 peak=0.48/15.93GB, smi_used=2.17GB
[18:57:50] [do] pooledδ(d5)={80: 0.172, 90: 0.37} α*=0.5 thr=5(low)
[18:57:50] do replay: 100% (1/1) elapsed=   0.1s eta=   0.0s
[18:57:51] [tp] 어댑터 로드 models\chronos_lora512_tp\finetuned-ckpt | VRAM alloc=0.45 reserved=0.49 peak=1.11/15.93GB, smi_used=2.17GB
[18:58:01]   tp: 고정기준 단일클래스 → 분위기준 thr=0.008965
[18:58:01] [tp] pooledδ(d5)={80: -0.0, 90: 0.0} α*=0.5 thr=0.008965(high)
[18:58:01] tp replay: 100% (1/1) elapsed=   0.1s eta=   0.0s
[18:58:01] 저장 완료: forecasts 1지점 / alert_log 4370행
[19:23:54] [do] 어댑터 로드 models\chronos_lora512_do\finetuned-ckpt | VRAM alloc=0.45 reserved=0.48 peak=0.48/15.93GB, smi_used=2.16GB
[19:35:04] [do] pooledδ(d5)={80: 0.036, 90: 0.085} α*=0.25 thr=5(low)
[19:35:06] do replay:   4% (3/67) elapsed=   1.2s eta=  26.6s
[19:35:07] do replay:  10% (7/67) elapsed=   3.0s eta=  25.6s
[19:35:09] do replay:  16% (11/67) elapsed=   4.8s eta=  24.5s
[19:35:11] do replay:  22% (15/67) elapsed=   6.7s eta=  23.3s
[19:35:13] do replay:  28% (19/67) elapsed=   8.6s eta=  21.8s
[19:35:15] do replay:  34% (23/67) elapsed=  10.4s eta=  19.9s
[19:35:17] do replay:  40% (27/67) elapsed=  12.1s eta=  17.9s
[19:35:18] do replay:  46% (31/67) elapsed=  13.8s eta=  16.0s
[19:35:20] do replay:  52% (35/67) elapsed=  15.5s eta=  14.2s
[19:35:22] do replay:  58% (39/67) elapsed=  17.2s eta=  12.3s
[19:35:23] do replay:  64% (43/67) elapsed=  18.7s eta=  10.5s
[19:35:25] do replay:  70% (47/67) elapsed=  20.4s eta=   8.7s
[19:35:26] do replay:  76% (51/67) elapsed=  22.0s eta=   6.9s
[19:35:28] do replay:  82% (55/67) elapsed=  23.6s eta=   5.2s
[19:35:30] do replay:  88% (59/67) elapsed=  25.3s eta=   3.4s
[19:35:31] do replay:  94% (63/67) elapsed=  26.9s eta=   1.7s
[19:35:33] do replay: 100% (67/67) elapsed=  28.6s eta=   0.0s
[19:35:35] [toc] 어댑터 로드 models\chronos_lora512_toc\finetuned-ckpt | VRAM alloc=0.45 reserved=0.49 peak=1.11/15.93GB, smi_used=2.23GB
[19:46:42] [toc] pooledδ(d5)={80: 0.016, 90: 0.02} α*=0.45 thr=6(high)
[19:46:44] toc replay:   4% (3/67) elapsed=   1.2s eta=  26.0s
[19:46:46] toc replay:  10% (7/67) elapsed=   3.1s eta=  26.5s
[19:46:47] toc replay:  16% (11/67) elapsed=   4.8s eta=  24.4s
[19:46:49] toc replay:  22% (15/67) elapsed=   6.4s eta=  22.2s
[19:46:51] toc replay:  28% (19/67) elapsed=   8.2s eta=  20.8s
[19:46:52] toc replay:  34% (23/67) elapsed=  10.1s eta=  19.3s
[19:46:54] toc replay:  40% (27/67) elapsed=  11.8s eta=  17.5s
[19:46:56] toc replay:  46% (31/67) elapsed=  13.5s eta=  15.6s
[19:46:58] toc replay:  52% (35/67) elapsed=  15.2s eta=  13.9s
[19:46:59] toc replay:  58% (39/67) elapsed=  17.0s eta=  12.2s
[19:47:01] toc replay:  64% (43/67) elapsed=  18.9s eta=  10.5s
[19:47:03] toc replay:  70% (47/67) elapsed=  20.7s eta=   8.8s
[19:47:05] toc replay:  76% (51/67) elapsed=  22.5s eta=   7.1s
[19:47:07] toc replay:  82% (55/67) elapsed=  24.5s eta=   5.3s
[19:47:09] toc replay:  88% (59/67) elapsed=  26.1s eta=   3.5s
[19:47:10] toc replay:  94% (63/67) elapsed=  27.8s eta=   1.8s
[19:47:12] toc replay: 100% (67/67) elapsed=  29.5s eta=   0.0s
[19:47:14] [tn] 어댑터 로드 models\chronos_lora512_tn\finetuned-ckpt | VRAM alloc=0.45 reserved=0.49 peak=1.11/15.93GB, smi_used=2.24GB
[19:54:58] [tn] pooledδ(d5)={80: 0.032, 90: 0.059} α*=0.25 thr=3(high)
[19:54:59] tn replay:   4% (2/48) elapsed=   0.2s eta=   5.3s
[19:54:59] tn replay:  10% (5/48) elapsed=   0.6s eta=   4.8s
[19:54:59] tn replay:  16% (8/48) elapsed=   0.9s eta=   4.5s
[19:55:00] tn replay:  22% (11/48) elapsed=   1.2s eta=   4.1s
[19:55:00] tn replay:  27% (13/48) elapsed=   1.5s eta=   3.9s
[19:55:00] tn replay:  33% (16/48) elapsed=   1.8s eta=   3.5s
[19:55:01] tn replay:  39% (19/48) elapsed=   2.1s eta=   3.2s
[19:55:01] tn replay:  45% (22/48) elapsed=   2.4s eta=   2.8s
[19:55:01] tn replay:  50% (24/48) elapsed=   2.6s eta=   2.6s
[19:55:01] tn replay:  56% (27/48) elapsed=   3.0s eta=   2.3s
[19:55:02] tn replay:  62% (30/48) elapsed=   3.3s eta=   2.0s
[19:55:02] tn replay:  68% (33/48) elapsed=   3.6s eta=   1.6s
[19:55:02] tn replay:  75% (36/48) elapsed=   3.9s eta=   1.3s
[19:55:03] tn replay:  81% (39/48) elapsed=   4.3s eta=   1.0s
[19:55:03] tn replay:  87% (42/48) elapsed=   4.6s eta=   0.7s
[19:55:03] tn replay:  93% (45/48) elapsed=   5.0s eta=   0.3s
[19:55:04] tn replay: 100% (48/48) elapsed=   5.3s eta=   0.0s
[19:55:05] [tp] 어댑터 로드 models\chronos_lora512_tp\finetuned-ckpt | VRAM alloc=0.45 reserved=0.49 peak=1.11/15.93GB, smi_used=2.20GB
[20:02:43] [tp] pooledδ(d5)={80: 0.0, 90: 0.001} α*=0.35 thr=0.1(high)
[20:02:43] tp replay:   4% (2/48) elapsed=   0.2s eta=   5.1s
[20:02:44] tp replay:  10% (5/48) elapsed=   0.6s eta=   4.8s
[20:02:44] tp replay:  16% (8/48) elapsed=   0.9s eta=   4.5s
[20:02:44] tp replay:  22% (11/48) elapsed=   1.2s eta=   4.2s
[20:02:45] tp replay:  27% (13/48) elapsed=   1.5s eta=   3.9s
[20:02:45] tp replay:  33% (16/48) elapsed=   1.8s eta=   3.6s
[20:02:45] tp replay:  39% (19/48) elapsed=   2.1s eta=   3.2s
[20:02:45] tp replay:  45% (22/48) elapsed=   2.4s eta=   2.8s
[20:02:46] tp replay:  50% (24/48) elapsed=   2.6s eta=   2.6s
[20:02:46] tp replay:  56% (27/48) elapsed=   3.0s eta=   2.3s
[20:02:46] tp replay:  62% (30/48) elapsed=   3.3s eta=   2.0s
[20:02:47] tp replay:  68% (33/48) elapsed=   3.6s eta=   1.6s
[20:02:47] tp replay:  75% (36/48) elapsed=   4.0s eta=   1.3s
[20:02:47] tp replay:  81% (39/48) elapsed=   4.3s eta=   1.0s
[20:02:48] tp replay:  87% (42/48) elapsed=   4.6s eta=   0.7s
[20:02:48] tp replay:  93% (45/48) elapsed=   5.0s eta=   0.3s
[20:02:48] tp replay: 100% (48/48) elapsed=   5.3s eta=   0.0s
[20:02:49] [chl-a] 어댑터 로드 models\chronos_lora512_chl-a\finetuned-ckpt | VRAM alloc=0.45 reserved=0.49 peak=1.11/15.93GB, smi_used=2.25GB
[20:10:47] [chl-a] pooledδ(d5)={80: 0.194, 90: 0.376} α*=0.15 thr=20(high)
[20:10:48] chl-a replay:   4% (2/50) elapsed=   0.2s eta=   5.4s
[20:10:48] chl-a replay:  10% (5/50) elapsed=   0.6s eta=   5.1s
[20:10:48] chl-a replay:  16% (8/50) elapsed=   0.9s eta=   4.7s
[20:10:49] chl-a replay:  22% (11/50) elapsed=   1.2s eta=   4.4s
[20:10:49] chl-a replay:  28% (14/50) elapsed=   1.6s eta=   4.0s
[20:10:49] chl-a replay:  34% (17/50) elapsed=   1.9s eta=   3.7s
[20:10:50] chl-a replay:  40% (20/50) elapsed=   2.2s eta=   3.4s
[20:10:50] chl-a replay:  46% (23/50) elapsed=   2.6s eta=   3.0s
[20:10:50] chl-a replay:  52% (26/50) elapsed=   2.9s eta=   2.7s
[20:10:51] chl-a replay:  58% (29/50) elapsed=   3.2s eta=   2.3s
[20:10:51] chl-a replay:  64% (32/50) elapsed=   3.6s eta=   2.0s
[20:10:51] chl-a replay:  70% (35/50) elapsed=   3.9s eta=   1.7s
[20:10:52] chl-a replay:  76% (38/50) elapsed=   4.2s eta=   1.3s
[20:10:52] chl-a replay:  82% (41/50) elapsed=   4.6s eta=   1.0s
[20:10:52] chl-a replay:  88% (44/50) elapsed=   4.9s eta=   0.7s
[20:10:53] chl-a replay:  94% (47/50) elapsed=   5.3s eta=   0.3s
[20:10:53] chl-a replay: 100% (50/50) elapsed=   5.6s eta=   0.0s
[20:10:56] 저장 완료: forecasts 67지점 / alert_log 600630행
[20:47:29] [do] 어댑터 로드 models\cand_ctx1024_do\finetuned-ckpt ctx=1024 | VRAM alloc=0.45 reserved=0.48 peak=0.48/15.93GB, smi_used=2.16GB
[20:47:45] do/han predict:   4% (1/22) elapsed=  16.2s eta= 340.1s
[20:48:02] do/han predict:   9% (2/22) elapsed=  32.3s eta= 323.2s
[20:48:34] do/han predict:  18% (4/22) elapsed=  64.4s eta= 289.7s
[20:49:05] do/han predict:  27% (6/22) elapsed=  96.2s eta= 256.6s
[20:49:38] do/han predict:  36% (8/22) elapsed= 128.3s eta= 224.6s
[20:50:10] do/han predict:  45% (10/22) elapsed= 160.5s eta= 192.6s
[20:50:26] do/han predict:  50% (11/22) elapsed= 176.5s eta= 176.5s
[20:50:58] do/han predict:  59% (13/22) elapsed= 208.4s eta= 144.3s
[20:51:30] do/han predict:  68% (15/22) elapsed= 240.6s eta= 112.3s
[20:52:02] do/han predict:  77% (17/22) elapsed= 272.7s eta=  80.2s
[20:52:34] do/han predict:  86% (19/22) elapsed= 305.2s eta=  48.2s
[20:53:05] do/han predict:  95% (21/22) elapsed= 335.9s eta=  16.0s
[20:53:21] do/han predict: 100% (22/22) elapsed= 351.4s eta=   0.0s
[20:53:37] do/nak predict:   4% (1/23) elapsed=  16.1s eta= 354.1s
[20:54:06] do/nak predict:  13% (3/23) elapsed=  45.0s eta= 300.2s
[20:54:37] do/nak predict:  21% (5/23) elapsed=  76.8s eta= 276.6s
[20:54:53] do/nak predict:  26% (6/23) elapsed=  92.7s eta= 262.6s
[20:55:26] do/nak predict:  34% (8/23) elapsed= 124.9s eta= 234.2s
[20:55:41] do/nak predict:  39% (9/23) elapsed= 140.4s eta= 218.4s
[20:56:13] do/nak predict:  47% (11/23) elapsed= 172.6s eta= 188.3s
[20:56:29] do/nak predict:  52% (12/23) elapsed= 188.7s eta= 173.0s
[20:57:01] do/nak predict:  60% (14/23) elapsed= 220.7s eta= 141.9s
[20:57:15] do/nak predict:  65% (15/23) elapsed= 234.3s eta= 125.0s
[20:57:47] do/nak predict:  73% (17/23) elapsed= 266.5s eta=  94.1s
[20:58:03] do/nak predict:  78% (18/23) elapsed= 282.6s eta=  78.5s
[20:58:35] do/nak predict:  86% (20/23) elapsed= 314.9s eta=  47.2s
[20:58:52] do/nak predict:  91% (21/23) elapsed= 331.0s eta=  31.5s
[20:59:22] do/nak predict: 100% (23/23) elapsed= 361.7s eta=   0.0s
[20:59:38] do/geum predict:   7% (1/13) elapsed=  16.1s eta= 193.2s
[20:59:55] do/geum predict:  15% (2/13) elapsed=  32.2s eta= 177.1s
[21:00:07] do/geum predict:  23% (3/13) elapsed=  44.5s eta= 148.4s
[21:00:23] do/geum predict:  30% (4/13) elapsed=  60.6s eta= 136.3s
[21:00:39] do/geum predict:  38% (5/13) elapsed=  76.6s eta= 122.6s
[21:00:55] do/geum predict:  46% (6/13) elapsed=  92.8s eta= 108.2s
[21:01:11] do/geum predict:  53% (7/13) elapsed= 108.9s eta=  93.3s
[21:01:27] do/geum predict:  61% (8/13) elapsed= 125.1s eta=  78.2s
[21:01:43] do/geum predict:  69% (9/13) elapsed= 141.2s eta=  62.7s
[21:02:00] do/geum predict:  76% (10/13) elapsed= 157.3s eta=  47.2s
[21:02:16] do/geum predict:  84% (11/13) elapsed= 173.4s eta=  31.5s
[21:02:32] do/geum predict:  92% (12/13) elapsed= 189.5s eta=  15.8s
[21:02:47] do/geum predict: 100% (13/13) elapsed= 204.9s eta=   0.0s
[21:03:03] do/yeong predict:  11% (1/9) elapsed=  16.1s eta= 128.9s
[21:03:19] do/yeong predict:  22% (2/9) elapsed=  32.3s eta= 112.9s
[21:03:36] do/yeong predict:  33% (3/9) elapsed=  48.4s eta=  96.7s
[21:03:52] do/yeong predict:  44% (4/9) elapsed=  64.5s eta=  80.6s
[21:04:07] do/yeong predict:  55% (5/9) elapsed=  80.3s eta=  64.2s
[21:04:23] do/yeong predict:  66% (6/9) elapsed=  95.7s eta=  47.8s
[21:04:39] do/yeong predict:  77% (7/9) elapsed= 111.8s eta=  31.9s
[21:04:55] do/yeong predict:  88% (8/9) elapsed= 127.9s eta=  16.0s
[21:05:10] do/yeong predict: 100% (9/9) elapsed= 143.3s eta=   0.0s
[21:05:13] [do] pooledδ(d5)={80: 0.048, 90: 0.059} α*=0.2 thr=5(low)
[21:05:13] do replay:   4% (3/67) elapsed=   0.3s eta=   6.7s
[21:05:14] do replay:  10% (7/67) elapsed=   0.7s eta=   6.2s
[21:05:14] do replay:  16% (11/67) elapsed=   1.1s eta=   5.8s
[21:05:15] do replay:  22% (15/67) elapsed=   1.6s eta=   5.4s
[21:05:15] do replay:  28% (19/67) elapsed=   2.0s eta=   5.0s
[21:05:15] do replay:  34% (23/67) elapsed=   2.4s eta=   4.6s
[21:05:16] do replay:  40% (27/67) elapsed=   2.8s eta=   4.1s
[21:05:16] do replay:  46% (31/67) elapsed=   3.2s eta=   3.7s
[21:05:17] do replay:  52% (35/67) elapsed=   3.6s eta=   3.3s
[21:05:17] do replay:  58% (39/67) elapsed=   4.0s eta=   2.9s
[21:05:18] do replay:  64% (43/67) elapsed=   4.5s eta=   2.5s
[21:05:18] do replay:  70% (47/67) elapsed=   4.9s eta=   2.1s
[21:05:18] do replay:  76% (51/67) elapsed=   5.3s eta=   1.7s
[21:05:19] do replay:  82% (55/67) elapsed=   5.7s eta=   1.2s
[21:05:19] do replay:  88% (59/67) elapsed=   6.1s eta=   0.8s
[21:05:20] do replay:  94% (63/67) elapsed=   6.5s eta=   0.4s
[21:05:20] do replay: 100% (67/67) elapsed=   7.0s eta=   0.0s
[21:05:21] [toc] 어댑터 로드 models\cand_ctx1024_toc\finetuned-ckpt ctx=1024 | VRAM alloc=0.45 reserved=0.48 peak=1.57/15.93GB, smi_used=2.17GB
[21:05:37] toc/han predict:   4% (1/22) elapsed=  16.2s eta= 340.6s
[21:05:53] toc/han predict:   9% (2/22) elapsed=  32.3s eta= 322.9s
[21:06:25] toc/han predict:  18% (4/22) elapsed=  64.5s eta= 290.2s
[21:06:57] toc/han predict:  27% (6/22) elapsed=  96.5s eta= 257.3s
[21:07:30] toc/han predict:  36% (8/22) elapsed= 128.7s eta= 225.2s
[21:08:02] toc/han predict:  45% (10/22) elapsed= 160.9s eta= 193.1s
[21:08:18] toc/han predict:  50% (11/22) elapsed= 177.1s eta= 177.1s
[21:08:50] toc/han predict:  59% (13/22) elapsed= 209.0s eta= 144.7s
[21:09:22] toc/han predict:  68% (15/22) elapsed= 241.2s eta= 112.6s
[21:09:54] toc/han predict:  77% (17/22) elapsed= 273.5s eta=  80.4s
[21:10:27] toc/han predict:  86% (19/22) elapsed= 305.9s eta=  48.3s
[21:10:57] toc/han predict:  95% (21/22) elapsed= 336.4s eta=  16.0s
[21:11:13] toc/han predict: 100% (22/22) elapsed= 351.7s eta=   0.0s
[21:11:29] toc/nak predict:   4% (1/23) elapsed=  16.1s eta= 354.7s
[21:11:58] toc/nak predict:  13% (3/23) elapsed=  45.1s eta= 300.5s
[21:12:30] toc/nak predict:  21% (5/23) elapsed=  76.9s eta= 276.7s
[21:12:45] toc/nak predict:  26% (6/23) elapsed=  92.7s eta= 262.7s
[21:13:18] toc/nak predict:  34% (8/23) elapsed= 124.9s eta= 234.2s
[21:13:33] toc/nak predict:  39% (9/23) elapsed= 140.3s eta= 218.2s
[21:14:05] toc/nak predict:  47% (11/23) elapsed= 172.5s eta= 188.2s
[21:14:21] toc/nak predict:  52% (12/23) elapsed= 188.7s eta= 173.0s
[21:14:53] toc/nak predict:  60% (14/23) elapsed= 220.7s eta= 141.9s
[21:15:07] toc/nak predict:  65% (15/23) elapsed= 234.2s eta= 124.9s
[21:15:39] toc/nak predict:  73% (17/23) elapsed= 266.5s eta=  94.1s
[21:15:55] toc/nak predict:  78% (18/23) elapsed= 282.6s eta=  78.5s
[21:16:28] toc/nak predict:  86% (20/23) elapsed= 314.8s eta=  47.2s
[21:16:44] toc/nak predict:  91% (21/23) elapsed= 331.0s eta=  31.5s
[21:17:14] toc/nak predict: 100% (23/23) elapsed= 361.7s eta=   0.0s
[21:17:31] toc/geum predict:   7% (1/13) elapsed=  16.1s eta= 193.4s
[21:17:47] toc/geum predict:  15% (2/13) elapsed=  32.2s eta= 177.2s
[21:17:59] toc/geum predict:  23% (3/13) elapsed=  44.6s eta= 148.5s
[21:18:15] toc/geum predict:  30% (4/13) elapsed=  60.6s eta= 136.4s
[21:18:31] toc/geum predict:  38% (5/13) elapsed=  76.8s eta= 122.8s
[21:18:47] toc/geum predict:  46% (6/13) elapsed=  92.9s eta= 108.4s
[21:19:03] toc/geum predict:  53% (7/13) elapsed= 109.0s eta=  93.4s
[21:19:20] toc/geum predict:  61% (8/13) elapsed= 125.1s eta=  78.2s
[21:19:36] toc/geum predict:  69% (9/13) elapsed= 141.2s eta=  62.8s
[21:19:52] toc/geum predict:  76% (10/13) elapsed= 157.4s eta=  47.2s
[21:20:08] toc/geum predict:  84% (11/13) elapsed= 173.6s eta=  31.6s
[21:20:24] toc/geum predict:  92% (12/13) elapsed= 189.7s eta=  15.8s
[21:20:39] toc/geum predict: 100% (13/13) elapsed= 205.0s eta=   0.0s
[21:20:56] toc/yeong predict:  11% (1/9) elapsed=  16.1s eta= 128.9s
[21:21:12] toc/yeong predict:  22% (2/9) elapsed=  32.4s eta= 113.5s
[21:21:29] toc/yeong predict:  33% (3/9) elapsed=  49.2s eta=  98.4s
[21:21:45] toc/yeong predict:  44% (4/9) elapsed=  65.5s eta=  81.9s
[21:22:01] toc/yeong predict:  55% (5/9) elapsed=  81.3s eta=  65.0s
[21:22:16] toc/yeong predict:  66% (6/9) elapsed=  96.7s eta=  48.3s
[21:22:32] toc/yeong predict:  77% (7/9) elapsed= 112.8s eta=  32.2s
[21:22:48] toc/yeong predict:  88% (8/9) elapsed= 128.9s eta=  16.1s
[21:23:04] toc/yeong predict: 100% (9/9) elapsed= 144.4s eta=   0.0s
[21:23:06] [toc] pooledδ(d5)={80: 0.014, 90: 0.016} α*=0.3 thr=6(high)
[21:23:07] toc replay:   4% (3/67) elapsed=   0.3s eta=   6.7s
[21:23:07] toc replay:  10% (7/67) elapsed=   0.7s eta=   6.3s
[21:23:08] toc replay:  16% (11/67) elapsed=   1.2s eta=   5.9s
[21:23:08] toc replay:  22% (15/67) elapsed=   1.6s eta=   5.5s
[21:23:08] toc replay:  28% (19/67) elapsed=   2.0s eta=   5.0s
[21:23:09] toc replay:  34% (23/67) elapsed=   2.4s eta=   4.6s
[21:23:09] toc replay:  40% (27/67) elapsed=   2.8s eta=   4.1s
[21:23:10] toc replay:  46% (31/67) elapsed=   3.2s eta=   3.7s
[21:23:10] toc replay:  52% (35/67) elapsed=   3.6s eta=   3.3s
[21:23:10] toc replay:  58% (39/67) elapsed=   4.0s eta=   2.9s
[21:23:11] toc replay:  64% (43/67) elapsed=   4.5s eta=   2.5s
[21:23:11] toc replay:  70% (47/67) elapsed=   4.9s eta=   2.1s
[21:23:12] toc replay:  76% (51/67) elapsed=   5.2s eta=   1.6s
[21:23:12] toc replay:  82% (55/67) elapsed=   5.7s eta=   1.2s
[21:23:13] toc replay:  88% (59/67) elapsed=   6.1s eta=   0.8s
[21:23:13] toc replay:  94% (63/67) elapsed=   6.5s eta=   0.4s
[21:23:13] toc replay: 100% (67/67) elapsed=   6.9s eta=   0.0s
[21:23:16] 저장 완료: forecasts 67지점 / alert_log 갱신(2개 타깃 머지)
[21:26:12] [do] 어댑터 로드 models\chronos_lora512_do\finetuned-ckpt ctx=512 | VRAM alloc=0.45 reserved=0.48 peak=0.48/15.93GB, smi_used=2.24GB
[21:26:22] do/han predict:   4% (1/22) elapsed=   9.8s eta= 205.3s
[21:26:32] do/han predict:   9% (2/22) elapsed=  19.5s eta= 195.2s
[21:26:51] do/han predict:  18% (4/22) elapsed=  38.8s eta= 174.6s
[21:27:10] do/han predict:  27% (6/22) elapsed=  58.0s eta= 154.6s
[21:27:29] do/han predict:  36% (8/22) elapsed=  77.2s eta= 135.1s
[21:27:49] do/han predict:  45% (10/22) elapsed=  96.6s eta= 115.9s
[21:27:59] do/han predict:  50% (11/22) elapsed= 106.3s eta= 106.3s
[21:28:18] do/han predict:  59% (13/22) elapsed= 125.5s eta=  86.9s
[21:28:37] do/han predict:  68% (15/22) elapsed= 144.9s eta=  67.6s
[21:28:57] do/han predict:  77% (17/22) elapsed= 164.3s eta=  48.3s
[21:29:16] do/han predict:  86% (19/22) elapsed= 183.7s eta=  29.0s
[21:29:34] do/han predict:  95% (21/22) elapsed= 202.2s eta=   9.6s
[21:29:44] do/han predict: 100% (22/22) elapsed= 211.4s eta=   0.0s
[21:29:53] do/nak predict:   4% (1/23) elapsed=   9.7s eta= 213.1s
[21:30:11] do/nak predict:  13% (3/23) elapsed=  27.2s eta= 181.6s
[21:30:30] do/nak predict:  21% (5/23) elapsed=  46.4s eta= 167.0s
[21:30:40] do/nak predict:  26% (6/23) elapsed=  55.9s eta= 158.5s
[21:30:59] do/nak predict:  34% (8/23) elapsed=  75.3s eta= 141.2s
[21:31:08] do/nak predict:  39% (9/23) elapsed=  84.6s eta= 131.6s
[21:31:28] do/nak predict:  47% (11/23) elapsed= 104.0s eta= 113.4s
[21:31:37] do/nak predict:  52% (12/23) elapsed= 113.7s eta= 104.2s
[21:31:57] do/nak predict:  60% (14/23) elapsed= 132.9s eta=  85.4s
[21:32:05] do/nak predict:  65% (15/23) elapsed= 141.3s eta=  75.3s
[21:32:24] do/nak predict:  73% (17/23) elapsed= 160.7s eta=  56.7s
[21:32:34] do/nak predict:  78% (18/23) elapsed= 170.4s eta=  47.3s
[21:32:54] do/nak predict:  86% (20/23) elapsed= 189.8s eta=  28.5s
[21:33:03] do/nak predict:  91% (21/23) elapsed= 199.5s eta=  19.0s
[21:33:22] do/nak predict: 100% (23/23) elapsed= 218.1s eta=   0.0s
[21:33:31] do/geum predict:   7% (1/13) elapsed=   9.7s eta= 116.4s
[21:33:41] do/geum predict:  15% (2/13) elapsed=  19.4s eta= 106.7s
[21:33:49] do/geum predict:  23% (3/13) elapsed=  27.0s eta=  90.0s
[21:33:58] do/geum predict:  30% (4/13) elapsed=  36.6s eta=  82.4s
[21:34:08] do/geum predict:  38% (5/13) elapsed=  46.3s eta=  74.1s
[21:34:18] do/geum predict:  46% (6/13) elapsed=  56.0s eta=  65.3s
[21:34:27] do/geum predict:  53% (7/13) elapsed=  65.7s eta=  56.3s
[21:34:37] do/geum predict:  61% (8/13) elapsed=  75.4s eta=  47.1s
[21:34:47] do/geum predict:  69% (9/13) elapsed=  85.2s eta=  37.9s
[21:34:57] do/geum predict:  76% (10/13) elapsed=  94.9s eta=  28.5s
[21:35:06] do/geum predict:  84% (11/13) elapsed= 104.6s eta=  19.0s
[21:35:16] do/geum predict:  92% (12/13) elapsed= 114.3s eta=   9.5s
[21:35:25] do/geum predict: 100% (13/13) elapsed= 123.6s eta=   0.0s
[21:35:35] do/yeong predict:  11% (1/9) elapsed=   9.7s eta=  77.6s
[21:35:45] do/yeong predict:  22% (2/9) elapsed=  19.4s eta=  67.9s
[21:35:54] do/yeong predict:  33% (3/9) elapsed=  29.1s eta=  58.2s
[21:36:04] do/yeong predict:  44% (4/9) elapsed=  38.8s eta=  48.5s
[21:36:14] do/yeong predict:  55% (5/9) elapsed=  48.3s eta=  38.7s
[21:36:23] do/yeong predict:  66% (6/9) elapsed=  57.6s eta=  28.8s
[21:36:33] do/yeong predict:  77% (7/9) elapsed=  67.3s eta=  19.2s
[21:36:42] do/yeong predict:  88% (8/9) elapsed=  77.0s eta=   9.6s
[21:36:52] do/yeong predict: 100% (9/9) elapsed=  86.3s eta=   0.0s
[21:36:55] [do] pooledδ(d5)={80: 0.036, 90: 0.085} α*=0.25 thr=5(low)
[21:36:55] do replay:   4% (3/67) elapsed=   0.3s eta=   7.0s
[21:36:55] do replay:  10% (7/67) elapsed=   0.8s eta=   6.5s
[21:36:56] do replay:  16% (11/67) elapsed=   1.2s eta=   6.1s
[21:36:56] do replay:  22% (15/67) elapsed=   1.6s eta=   5.6s
[21:36:57] do replay:  28% (19/67) elapsed=   2.1s eta=   5.2s
[21:36:57] do replay:  34% (23/67) elapsed=   2.5s eta=   4.8s
[21:36:57] do replay:  40% (27/67) elapsed=   2.9s eta=   4.3s
[21:36:58] do replay:  46% (31/67) elapsed=   3.4s eta=   3.9s
[21:36:58] do replay:  52% (35/67) elapsed=   3.8s eta=   3.5s
[21:36:59] do replay:  58% (39/67) elapsed=   4.2s eta=   3.0s
[21:36:59] do replay:  64% (43/67) elapsed=   4.7s eta=   2.6s
[21:37:00] do replay:  70% (47/67) elapsed=   5.1s eta=   2.2s
[21:37:00] do replay:  76% (51/67) elapsed=   5.5s eta=   1.7s
[21:37:00] do replay:  82% (55/67) elapsed=   5.9s eta=   1.3s
[21:37:01] do replay:  88% (59/67) elapsed=   6.4s eta=   0.9s
[21:37:01] do replay:  94% (63/67) elapsed=   6.8s eta=   0.4s
[21:37:02] do replay: 100% (67/67) elapsed=   7.2s eta=   0.0s
[21:37:03] [toc] 어댑터 로드 models\chronos_lora512_toc\finetuned-ckpt ctx=512 | VRAM alloc=0.45 reserved=0.49 peak=1.11/15.93GB, smi_used=2.23GB
[21:37:13] toc/han predict:   4% (1/22) elapsed=  10.0s eta= 209.5s
[21:37:22] toc/han predict:   9% (2/22) elapsed=  19.6s eta= 196.3s
[21:37:42] toc/han predict:  18% (4/22) elapsed=  39.0s eta= 175.4s
[21:38:01] toc/han predict:  27% (6/22) elapsed=  58.2s eta= 155.2s
[21:38:20] toc/han predict:  36% (8/22) elapsed=  77.5s eta= 135.7s
[21:38:40] toc/han predict:  45% (10/22) elapsed=  96.9s eta= 116.3s
[21:38:49] toc/han predict:  50% (11/22) elapsed= 106.6s eta= 106.6s
[21:39:09] toc/han predict:  59% (13/22) elapsed= 125.9s eta=  87.1s
[21:39:28] toc/han predict:  68% (15/22) elapsed= 145.3s eta=  67.8s
[21:39:48] toc/han predict:  77% (17/22) elapsed= 164.8s eta=  48.5s
[21:40:07] toc/han predict:  86% (19/22) elapsed= 184.2s eta=  29.1s
[21:40:25] toc/han predict:  95% (21/22) elapsed= 202.6s eta=   9.6s
[21:40:35] toc/han predict: 100% (22/22) elapsed= 211.9s eta=   0.0s
[21:40:44] toc/nak predict:   4% (1/23) elapsed=   9.7s eta= 213.3s
[21:41:02] toc/nak predict:  13% (3/23) elapsed=  27.3s eta= 181.8s
[21:41:21] toc/nak predict:  21% (5/23) elapsed=  46.4s eta= 167.1s
[21:41:31] toc/nak predict:  26% (6/23) elapsed=  56.0s eta= 158.6s
[21:41:50] toc/nak predict:  34% (8/23) elapsed=  75.4s eta= 141.3s
[21:41:59] toc/nak predict:  39% (9/23) elapsed=  84.7s eta= 131.7s
[21:42:19] toc/nak predict:  47% (11/23) elapsed= 104.2s eta= 113.6s
[21:42:29] toc/nak predict:  52% (12/23) elapsed= 113.9s eta= 104.4s
[21:42:48] toc/nak predict:  60% (14/23) elapsed= 133.1s eta=  85.6s
[21:42:56] toc/nak predict:  65% (15/23) elapsed= 141.4s eta=  75.4s
[21:43:16] toc/nak predict:  73% (17/23) elapsed= 160.9s eta=  56.8s
[21:43:25] toc/nak predict:  78% (18/23) elapsed= 170.6s eta=  47.4s
[21:43:45] toc/nak predict:  86% (20/23) elapsed= 190.0s eta=  28.5s
[21:43:54] toc/nak predict:  91% (21/23) elapsed= 199.7s eta=  19.0s
[21:44:13] toc/nak predict: 100% (23/23) elapsed= 218.3s eta=   0.0s
[21:44:23] toc/geum predict:   7% (1/13) elapsed=   9.7s eta= 116.4s
[21:44:32] toc/geum predict:  15% (2/13) elapsed=  19.4s eta= 106.8s
[21:44:40] toc/geum predict:  23% (3/13) elapsed=  27.0s eta=  90.0s
[21:44:50] toc/geum predict:  30% (4/13) elapsed=  36.7s eta=  82.5s
[21:44:59] toc/geum predict:  38% (5/13) elapsed=  46.4s eta=  74.2s
[21:45:09] toc/geum predict:  46% (6/13) elapsed=  56.2s eta=  65.5s
[21:45:19] toc/geum predict:  53% (7/13) elapsed=  65.9s eta=  56.5s
[21:45:29] toc/geum predict:  61% (8/13) elapsed=  75.6s eta=  47.2s
[21:45:38] toc/geum predict:  69% (9/13) elapsed=  85.3s eta=  37.9s
[21:45:48] toc/geum predict:  76% (10/13) elapsed=  95.0s eta=  28.5s
[21:45:58] toc/geum predict:  84% (11/13) elapsed= 104.7s eta=  19.0s
[21:46:08] toc/geum predict:  92% (12/13) elapsed= 114.4s eta=   9.5s
[21:46:17] toc/geum predict: 100% (13/13) elapsed= 123.7s eta=   0.0s
[21:46:27] toc/yeong predict:  11% (1/9) elapsed=   9.7s eta=  77.7s
[21:46:36] toc/yeong predict:  22% (2/9) elapsed=  19.4s eta=  68.0s
[21:46:46] toc/yeong predict:  33% (3/9) elapsed=  29.1s eta=  58.3s
[21:46:56] toc/yeong predict:  44% (4/9) elapsed=  38.8s eta=  48.5s
[21:47:05] toc/yeong predict:  55% (5/9) elapsed=  48.4s eta=  38.7s
[21:47:14] toc/yeong predict:  66% (6/9) elapsed=  57.7s eta=  28.8s
[21:47:24] toc/yeong predict:  77% (7/9) elapsed=  67.4s eta=  19.3s
[21:47:34] toc/yeong predict:  88% (8/9) elapsed=  77.1s eta=   9.6s
[21:47:43] toc/yeong predict: 100% (9/9) elapsed=  86.4s eta=   0.0s
[21:47:46] [toc] pooledδ(d5)={80: 0.016, 90: 0.02} α*=0.45 thr=6(high)
[21:47:46] toc replay:   4% (3/67) elapsed=   0.3s eta=   7.0s
[21:47:47] toc replay:  10% (7/67) elapsed=   0.8s eta=   6.6s
[21:47:47] toc replay:  16% (11/67) elapsed=   1.2s eta=   6.2s
[21:47:48] toc replay:  22% (15/67) elapsed=   1.6s eta=   5.7s
[21:47:48] toc replay:  28% (19/67) elapsed=   2.1s eta=   5.2s
[21:47:49] toc replay:  34% (23/67) elapsed=   2.5s eta=   4.8s
[21:47:49] toc replay:  40% (27/67) elapsed=   2.9s eta=   4.3s
[21:47:49] toc replay:  46% (31/67) elapsed=   3.3s eta=   3.9s
[21:47:50] toc replay:  52% (35/67) elapsed=   3.8s eta=   3.4s
[21:47:50] toc replay:  58% (39/67) elapsed=   4.2s eta=   3.0s
[21:47:51] toc replay:  64% (43/67) elapsed=   4.6s eta=   2.6s
[21:47:51] toc replay:  70% (47/67) elapsed=   5.0s eta=   2.1s
[21:47:52] toc replay:  76% (51/67) elapsed=   5.5s eta=   1.7s
[21:47:52] toc replay:  82% (55/67) elapsed=   5.9s eta=   1.3s
[21:47:52] toc replay:  88% (59/67) elapsed=   6.3s eta=   0.9s
[21:47:53] toc replay:  94% (63/67) elapsed=   6.8s eta=   0.4s
[21:47:53] toc replay: 100% (67/67) elapsed=   7.2s eta=   0.0s
[21:47:56] 저장 완료: forecasts 67지점 / alert_log 갱신(2개 타깃 머지)
