[19:23:30] 타임라인 저장 C:\Users\minsoo\Desktop\수질측정 및 오염원\deep_see\system_out\figures\system_timeline_han_S01001_tp.png
[20:11:48] 타임라인 저장 C:\Users\minsoo\Desktop\수질측정 및 오염원\deep_see\system_out\figures\system_timeline_han_S01001_do.png
[20:11:48] 타임라인 저장 C:\Users\minsoo\Desktop\수질측정 및 오염원\deep_see\system_out\figures\system_timeline_han_S01001_toc.png
[20:11:49] 타임라인 저장 C:\Users\minsoo\Desktop\수질측정 및 오염원\deep_see\system_out\figures\system_timeline_han_S01001_tn.png
[20:11:49] 타임라인 저장 C:\Users\minsoo\Desktop\수질측정 및 오염원\deep_see\system_out\figures\system_timeline_han_S01001_tp.png
[20:11:49] 타임라인 저장 C:\Users\minsoo\Desktop\수질측정 및 오염원\deep_see\system_out\figures\system_timeline_han_S01001_chl-a.png
[20:11:49] 타임라인 저장 C:\Users\minsoo\Desktop\수질측정 및 오염원\deep_see\system_out\figures\system_timeline_nak_S02020_do.png
[20:11:50] 타임라인 저장 C:\Users\minsoo\Desktop\수질측정 및 오염원\deep_see\system_out\figures\system_timeline_nak_S02020_toc.png
[20:11:50] 타임라인 저장 C:\Users\minsoo\Desktop\수질측정 및 오염원\deep_see\system_out\figures\system_timeline_nak_S02020_tn.png
[20:11:50] 타임라인 저장 C:\Users\minsoo\Desktop\수질측정 및 오염원\deep_see\system_out\figures\system_timeline_nak_S02020_tp.png
[20:11:50] 타임라인 저장 C:\Users\minsoo\Desktop\수질측정 및 오염원\deep_see\system_out\figures\system_timeline_nak_S02020_chl-a.png
[20:11:51] 타임라인 저장 C:\Users\minsoo\Desktop\수질측정 및 오염원\deep_see\system_out\figures\system_timeline_geum_S03009_do.png
[20:11:51] 타임라인 저장 C:\Users\minsoo\Desktop\수질측정 및 오염원\deep_see\system_out\figures\system_timeline_geum_S03009_toc.png
[20:11:51] 타임라인 저장 C:\Users\minsoo\Desktop\수질측정 및 오염원\deep_see\system_out\figures\system_timeline_geum_S03009_tn.png
[20:11:51] 타임라인 저장 C:\Users\minsoo\Desktop\수질측정 및 오염원\deep_see\system_out\figures\system_timeline_geum_S03009_tp.png
[20:11:51] 타임라인 저장 C:\Users\minsoo\Desktop\수질측정 및 오염원\deep_see\system_out\figures\system_timeline_geum_S03009_chl-a.png
[20:11:52] 타임라인 저장 C:\Users\minsoo\Desktop\수질측정 및 오염원\deep_see\system_out\figures\system_timeline_yeong_S04008_do.png
[20:11:52] 타임라인 저장 C:\Users\minsoo\Desktop\수질측정 및 오염원\deep_see\system_out\figures\system_timeline_yeong_S04008_toc.png
[20:11:52] 타임라인 저장 C:\Users\minsoo\Desktop\수질측정 및 오염원\deep_see\system_out\figures\system_timeline_yeong_S04008_tn.png
[20:11:52] 타임라인 저장 C:\Users\minsoo\Desktop\수질측정 및 오염원\deep_see\system_out\figures\system_timeline_yeong_S04008_tp.png
[20:11:53] 타임라인 저장 C:\Users\minsoo\Desktop\수질측정 및 오염원\deep_see\system_out\figures\system_timeline_yeong_S04008_chl-a.png
[21:48:16] 타임라인 저장 C:\Users\minsoo\Desktop\수질측정 및 오염원\deep_see\system_out\figures\system_timeline_han_S01001_do.png
[21:48:17] 타임라인 저장 C:\Users\minsoo\Desktop\수질측정 및 오염원\deep_see\system_out\figures\system_timeline_han_S01001_toc.png
[21:48:17] 타임라인 저장 C:\Users\minsoo\Desktop\수질측정 및 오염원\deep_see\system_out\figures\system_timeline_han_S01001_tn.png
[21:48:17] 타임라인 저장 C:\Users\minsoo\Desktop\수질측정 및 오염원\deep_see\system_out\figures\system_timeline_han_S01001_tp.png
[21:48:17] 타임라인 저장 C:\Users\minsoo\Desktop\수질측정 및 오염원\deep_see\system_out\figures\system_timeline_han_S01001_chl-a.png
[21:48:18] 타임라인 저장 C:\Users\minsoo\Desktop\수질측정 및 오염원\deep_see\system_out\figures\system_timeline_nak_S02020_do.png
[21:48:18] 타임라인 저장 C:\Users\minsoo\Desktop\수질측정 및 오염원\deep_see\system_out\figures\system_timeline_nak_S02020_toc.png
[21:48:18] 타임라인 저장 C:\Users\minsoo\Desktop\수질측정 및 오염원\deep_see\system_out\figures\system_timeline_nak_S02020_tn.png
[21:48:18] 타임라인 저장 C:\Users\minsoo\Desktop\수질측정 및 오염원\deep_see\system_out\figures\system_timeline_nak_S02020_tp.png
[21:48:19] 타임라인 저장 C:\Users\minsoo\Desktop\수질측정 및 오염원\deep_see\system_out\figures\system_timeline_nak_S02020_chl-a.png
[21:48:19] 타임라인 저장 C:\Users\minsoo\Desktop\수질측정 및 오염원\deep_see\system_out\figures\system_timeline_geum_S03009_do.png
[21:48:19] 타임라인 저장 C:\Users\minsoo\Desktop\수질측정 및 오염원\deep_see\system_out\figures\system_timeline_geum_S03009_toc.png
[21:48:19] 타임라인 저장 C:\Users\minsoo\Desktop\수질측정 및 오염원\deep_see\system_out\figures\system_timeline_geum_S03009_tn.png
[21:48:20] 타임라인 저장 C:\Users\minsoo\Desktop\수질측정 및 오염원\deep_see\system_out\figures\system_timeline_geum_S03009_tp.png
[21:48:20] 타임라인 저장 C:\Users\minsoo\Desktop\수질측정 및 오염원\deep_see\system_out\figures\system_timeline_geum_S03009_chl-a.png
[21:48:20] 타임라인 저장 C:\Users\minsoo\Desktop\수질측정 및 오염원\deep_see\system_out\figures\system_timeline_yeong_S04008_do.png
[21:48:20] 타임라인 저장 C:\Users\minsoo\Desktop\수질측정 및 오염원\deep_see\system_out\figures\system_timeline_yeong_S04008_toc.png
[21:48:21] 타임라인 저장 C:\Users\minsoo\Desktop\수질측정 및 오염원\deep_see\system_out\figures\system_timeline_yeong_S04008_tn.png
[21:48:21] 타임라인 저장 C:\Users\minsoo\Desktop\수질측정 및 오염원\deep_see\system_out\figures\system_timeline_yeong_S04008_tp.png
[21:48:21] 타임라인 저장 C:\Users\minsoo\Desktop\수질측정 및 오염원\deep_see\system_out\figures\system_timeline_yeong_S04008_chl-a.png
